[    0.000000] Linux version 4.15.0-74-generic (buildd@lcy01-amd64-022) (gcc version 7.4.0 (Ubuntu 7.4.0-1ubuntu1~18.04.1)) #84-Ubuntu SMP Thu Dec 19 08:06:28 UTC 2019 (Ubuntu 4.15.0-74.84-generic 4.15.18)
[    0.000000] Command line: BOOT_IMAGE=/boot/vmlinuz-4.15.0-74-generic root=LABEL=cloudimg-rootfs ro console=tty1 console=ttyS0
[    0.000000] KERNEL supported cpus:
[    0.000000]   Intel GenuineIntel
[    0.000000]   AMD AuthenticAMD
[    0.000000]   Centaur CentaurHauls
[    0.000000] x86/fpu: Supporting XSAVE feature 0x001: 'x87 floating point registers'
[    0.000000] x86/fpu: Supporting XSAVE feature 0x002: 'SSE registers'
[    0.000000] x86/fpu: Supporting XSAVE feature 0x004: 'AVX registers'
[    0.000000] x86/fpu: xstate_offset[2]:  576, xstate_sizes[2]:  256
[    0.000000] x86/fpu: Enabled xstate features 0x7, context size is 832 bytes, using 'standard' format.
[    0.000000] e820: BIOS-provided physical RAM map:
[    0.000000] BIOS-e820: [mem 0x0000000000000000-0x000000000009fbff] usable
[    0.000000] BIOS-e820: [mem 0x000000000009fc00-0x000000000009ffff] reserved
[    0.000000] BIOS-e820: [mem 0x00000000000f0000-0x00000000000fffff] reserved
[    0.000000] BIOS-e820: [mem 0x0000000000100000-0x000000003ffeffff] usable
[    0.000000] BIOS-e820: [mem 0x000000003fff0000-0x000000003fffffff] ACPI data
[    0.000000] BIOS-e820: [mem 0x00000000fec00000-0x00000000fec00fff] reserved
[    0.000000] BIOS-e820: [mem 0x00000000fee00000-0x00000000fee00fff] reserved
[    0.000000] BIOS-e820: [mem 0x00000000fffc0000-0x00000000ffffffff] reserved
[    0.000000] NX (Execute Disable) protection: active
[    0.000000] SMBIOS 2.5 present.
[    0.000000] DMI: innotek GmbH VirtualBox/VirtualBox, BIOS VirtualBox 12/01/2006
[    0.000000] Hypervisor detected: KVM
[    0.000000] e820: last_pfn = 0x3fff0 max_arch_pfn = 0x400000000
[    0.000000] MTRR: Disabled
[    0.000000] x86/PAT: MTRRs disabled, skipping PAT initialization too.
[    0.000000] CPU MTRRs all blank - virtualized system.
[    0.000000] x86/PAT: Configuration [0-7]: WB  WT  UC- UC  WB  WT  UC- UC  
[    0.000000] found SMP MP-table at [mem 0x0009fff0-0x0009ffff]
[    0.000000] Scanning 1 areas for low memory corruption
[    0.000000] RAMDISK: [mem 0x35a71000-0x36d2ffff]
[    0.000000] ACPI: Early table checksum verification disabled
[    0.000000] ACPI: RSDP 0x00000000000E0000 000024 (v02 VBOX  )
[    0.000000] ACPI: XSDT 0x000000003FFF0030 00003C (v01 VBOX   VBOXXSDT 00000001 ASL  00000061)
[    0.000000] ACPI: FACP 0x000000003FFF00F0 0000F4 (v04 VBOX   VBOXFACP 00000001 ASL  00000061)
[    0.000000] ACPI: DSDT 0x000000003FFF0470 0021FF (v02 VBOX   VBOXBIOS 00000002 INTL 20180105)
[    0.000000] ACPI: FACS 0x000000003FFF0200 000040
[    0.000000] ACPI: FACS 0x000000003FFF0200 000040
[    0.000000] ACPI: APIC 0x000000003FFF0240 00005C (v02 VBOX   VBOXAPIC 00000001 ASL  00000061)
[    0.000000] ACPI: SSDT 0x000000003FFF02A0 0001CC (v01 VBOX   VBOXCPUT 00000002 INTL 20180105)
[    0.000000] No NUMA configuration found
[    0.000000] Faking a node at [mem 0x0000000000000000-0x000000003ffeffff]
[    0.000000] NODE_DATA(0) allocated [mem 0x3ffc5000-0x3ffeffff]
[    0.000000] kvm-clock: cpu 0, msr 0:3ff44001, primary cpu clock
[    0.000000] kvm-clock: Using msrs 4b564d01 and 4b564d00
[    0.000000] kvm-clock: using sche offset of 3227196768 cycles
[    0.000000] clocksource: kvm-clock: mask: 0xffffffffffffffff max_cycles: 0x1cd42e4dffb, max_idle_ns: 881590591483 ns
[    0.000000] Zone ranges:
[    0.000000]   DMA      [em0x0000000000001000-0x0000000000ffffff]
[    0.000000]   DMA32    [mem 0x0000000001000000-0x000000003ffeffff]
[    0.000000]   Normal   empty
[    0.000000]   Device   empty
[    0.000000] Movable zone start for each node
[    0.000000] Early memory node ranges
[    0.000000]   node   0: [mem 0x0000000000001000-0x000000000009efff]
[    0.000000]   node   0: [mem 0x0000000000100000-0x000000003ffeffff]
[    0.000000] Reserved but unavailable: 98 pages
[    0.000000] Initmem setup node 0 [mem 0x0000000000001000-0x000000003ffeffff]
[    0.000000] ACPI: PM-Timer IO Port: 0x4008
[    0.000000] IOAPIC[0]: apic_id 2, version 32, address 0xfec00000, GSI 0-23
[    0.000000] ACPI: INT_SRC_OVR (bus 0 bus_irq 0 global_irq 2 dfl dfl)
[    0.000000] ACPI: INT_SRC_OVR (bus 0 bus_irq 9 global_irq 9 low level)
[    0.000000] Using ACPI (MADT) for SMP configuration information
[    0.000000] smpboot: Allowing 2 CPUs, 0 hotplug CPUs
[    0.000000] PM: Registered nosave memory: [mem 0x00000000-0x00000fff]
[    0.000000] PM: Registered nosave memory: [mem 0x0009f000-0x0009ffff]
[    0.000000] PM: Registered nosave memory: [mem 0x000a0000-0x000effff]
[    0.000000] PM: Registered nosave memory: [mem 0x000f0000-0x000fffff]
[    0.000000] e820: [mem 0x40000000-0xfebfffff] available for PCI devices
[    0.000000] Booting paravirtualized kernel on KVM
[    0.000000] clocksource: refined-jiffies: mask: 0xffffffff max_cycles: 0xffffffff, max_idle_ns: 7645519600211568 ns
[    0.000000] random: get_random_bytes called from start_kernel+0x99/0x4fd with crng_init=0
[    0.000000] setup_percpu: NR_CPUS:8192 nr_cpumask_bits:2 nr_cpu_ids:2 nr_node_ids:1
[    0.000000] percpu: Embedded 45 pages/cpu s147456 r8192 d28672 u1048576
[    0.000000] PV qspinlock hash table entries: 256 (order: 0, 4096 bytes)
[    0.000000] Built 1 zonelists, mobility grouping on.  Total pages: 257913
[    0.000000] Policy zone: DMA32
[    0.000000] Kernel command line: BOOT_IMAGE=/boot/vmlinuz-4.15.0-74-generic root=LABEL=cloudimg-rootfs ro console=tty1 console=ttyS0
[    0.000000] Memory: 983084K/1048120K available (12300K kernel code, 2481K rwdata, 4260K rodata, 2428K init, 2704K bss, 65036K reserved, 0K cma-reserved)
[    0.000000] SLUB: HWalign=64, Order=0-3, MinObjects=0, CPUs=2, Nodes=1
[    0.000000] Kernel/User page tables isolation: enabled
[    .00000] ftrace: allocating 39322 entries in 154 pages
[    0.004000] Hierarchical RCU implementation.
[    0.004000] 	RCU restricting CPUs from NR_CPUS=8192 to nr_cpu_ids=2.
[    0.004000] 	Tasks RCU enabled.
[    0.004000] RCU: Adjusting geometry for rcu_fanout_leaf=16, nr_cpu_ids=2
[    0.004000] NR_IRQS: 524544, nr_irqs: 440, preallocated irqs: 16
[    0.004000] Console: colour VGA+ 80x25
[    0.004000] console [tty1] enabled
[    0.004000] console [ttyS0] enabled
[    0.004000] ACPI: Core revision 20170831
[    0.004000] ACPI: 2 ACPI AML tables successfully acquired and loaded
[    0.004000] APIC: Switch to symmetric I/O mode setup
[    0.004258] x2apic enabled
[    0.008004] Switched APIC routing to physical x2apic.
[    0.012980] ..TIMER: vector=0x30 apic1=0 pin1=2 apic2=-1 pin2=-1
[    0.016004] tsc: Detected 2793.530 MHz processor
[    0.020013] Calibrating delay loop (skipped) preset value.. 5587.06 BogoMIPS (lpj=11174120)
[    0.024008] pid_max: default: 32768 minimum: 301
[    0.028045] Security Framework initialized
[    0.032004] Yama: becoming mindful.
[    0.032705] AppArmor: AppArmor initialized
[    0.034081] Dentry cache hash table entries: 131072 (order: 8, 1048576 bytes)
[    0.036071] Inode-cache hash table entries: 65536 (order: 7, 524288 bytes)
[    0.037220] Mount-cache hash table entries: 2048 (order: 2, 16384 bytes)
[    0.038354] Mountpoint-cache hash table entries: 2048 (order: 2, 16384 bytes)
[    0.040279] Last level iTLB entries: 4KB 1024, 2MB 1024, 4MB 1024
[    0.041339] Last level dTLB entries: 4KB 1024, 2MB 1024, 4MB 1024, 1GB 4
[    0.042491] Spectre V1 : Mitigation: usercopy/swapgs barriers and __user pointer sanitization
[    0.044006] Spectre V2 : Mitigation: Full generic retpoline
[    0.048003] Spectre V2 : Spectre v2 / SpectreRSB mitigation: Filling RSB on context switch
[    0.052002] Speculative Store Bypass: Vulnerable
[    0.056046] MDS: Mitigation: Clear CPU buffers
[    0.060148] Freeing SMP alternatives memory: 36K
[    0.174208] smpboot: CPU0: Intel(R) Core(TM) i7-4810MQ CPU @ 2.80GHz (family: 0x6, model: 0x3c, stepping: 0x3)
[    0.176091] Performance Events: unsupported p6 CPU model 60 no PMU driver, software events only.
[    0.177279] Hierarchical SRCU implementation.
[    0.180504] NMI watchdog: Perf event create on CPU 0 failed with -2
[    0.184002] NMI watchdog: Perf NMI watchdog permanently disabled
[    0.188066] smp: Bringing up secondary CPUs ...
[    0.192091] x86: Booting SMP configuration:
[    0.196004] .... node  #0, CPUs:      #1
[    0.004000] kvm-clock: cpu 1, msr 0:3ff44041, secondary cpu clock
[    0.200020] smp: Brought up 1 node, 2 CPUs
[    0.204005] smpboot: Max logical packages: 1
[    0.208003] smpboot: Total of 2 processors activated (11174.12 BogoMIPS)
[    0.212138] devtmpfs: initialized
[    0.216080] x86/mm: Memory block size: 128MB
[    0.220159] evm: security.selinux
[    0.224003] evm: security.SMACK64
[    0.225575] evm: security.SMACK64EXEC
[    0.228003] evm: security.SMACK64TRANSMUTE
[    0.229656] evm: security.SMACK64MMAP
[    0.232002] evm: security.apparmor
[    0.236002] evm: security.ima
[    0.240002] evm: security.capability
[    0.244100] clocksource: jiffies: mask: 0xffffffff max_cycles: 0xffffffff, max_idle_ns: 7645041785100000 ns
[    0.248013] futex hash table entries: 512 (order: 3, 32768 bytes)
[    0.252381] pinctrl core: initialized pinctrl subsystem
[    0.254242] RTC time: 13:38:19, date: 01/11/20
[    0.254934] NET: Registered protocol family 16
[    0.256087] audit: initializing netlink subsys (disabled)
[    0.260037] audit: type=2000 audit(1578749902.536:1): state=initialized audit_enabled=0 res=1
[    0.284021] cpuidle: using governor ladder
[    0.288010] cpuidle: using governor menu
[    0.292056] ACPI: bus type PCI registered
[    0.296003] acpiphp: ACPI Hot Plug PCI Controller Driver version: 0.5
[    0.300096] PCI: Using configuration type 1 for base access
[    0.304923] HugeTLB registered 2.00 MiB page size, pre-allocated 0 pages
[    0.308092] ACPI: Added _OSI(Module Device)
[    0.308948] ACPI: Added _OSI(Processor Device)
[    0.312005] ACPI: Added _OSI(3.0 _SCP Extensions)
[    0.312864] ACPI: Added _OSI(Processor Aggregator Device)
[    0.313832] ACPI: Added _OSI(Linux-Dell-Video)
[    0.314671] ACPI: Added _OSI(Linux-Lenovo-NV-HDMI-Audio)
[    0.316010] ACPI: Added _OSI(Linux-HPI-Hybrid-Graphics)
[    0.320241] ACPI: Executed 1 blocks of module-level executable AML code
[    0.326829] ACPI: Interpreter enabled
[    0.328026] ACPI: (supports S0 S5)
[    0.328723] ACPI: Using IOAPIC for interrupt routing
[    0.329965] PCI: Using host bridge windows from ACPI; if necessary, use "pci=nocrs" and report a bug
[    0.332216] ACPI: Enabled 2 GPEs in block 00 to 07
[    0.337727] ACPI: PCI Root Bridge [PCI0] (domain 0000 [bus 00-ff])
[    0.340014] acpi PNP0A03:00: _OSC: OS supports [ASPM ClockPM Segments MSI]
[    0.344047] acpi PNP0A03:00: _OSC: not requesting OS control; OS requires [ExtendedConfig ASPM ClockPM MSI]
[    0.348022] acpi PNP0A03:00: fail to add MMCONFIG information, can't access extended PCI configuration space under this bridge.
[    0.349781] PCI host bridge to bus 0000:00
[    0.352008] pci_bus 0000:00: root bus resource [io  0x0000-0x0cf7 window]
[    0.353321] pci_bus 0000:00: root bus resource [io  0x0d00-0xffff window]
[    0.354621] pci_bus 0000:00: root bus resource [mem 0x000a0000-0x000bffff window]
[    0.356006] pci_bus 0000:00: root bus resource [mem 0x40000000-0xfdffffff window]
[    0.360011] pci_bus 0000:00: root bus resource [bus 00-ff]
[    0.365381] pci 0000:00:01.1: legacy IDE quirk: reg 0x10: [io  0x01f0-0x01f7]
[    0.368005] pci 0000:00:01.1: legacy IDE quirk: reg 0x14: [io  0x03f6]
[    0.372006] pci 0000:00:01.1: legacy IDE quirk: reg 0x18: [io  0x0170-0x0177]
[    0.376007] pci 0000:00:01.1: legacy IDE quirk: reg 0x1c: [io  0x0376]
[    0.393581] pci 0000:00:07.0: quirk: [io  0x4000-0x403f] claimed by PIIX4 ACPI
[    0.396023] pci 0000:00:07.0: quirk: [io  0x4100-0x410f] claimed by PIIX4 SMB
[    0.404623] ACPI: PCI Interrupt Link [LNKA] (IRQs 5 9 10 *11)
[    0.408327] ACPI: PCI Interrupt Link [LNKB] (IRQs 5 9 *10 11)
[    0.412167] ACPI: PCI Interrupt Link [LNKC] (IRQs 5 *9 10 11)
[    0.413387] ACPI: PCI Interrupt Link [LNKD] (IRQs 5 9 10 *11)
[    0.416513] SCSI subsystem initialized
[    0.420073] pci 0000:00:02.0: vgaarb: setting as boot VGA device
[    0.424000] pci 0000:00:02.0: vgaarb: VGA device added: decodes=io+mem,owns=io+mem,locks=none
[    0.424016] pci 0000:00:02.0: vgaarb: bridge control possible
[    0.428003] vgaarb: loaded
[    0.432044] ACPI: bus type USB registered
[    0.436030] usbcore: registered new interface driver usbfs
[    0.440019] usbcore: registered new interface driver hub
[    0.448014] usbcore: registered new device driver usb
[    0.449125] EDAC MC: Ver: 3.0.0
[    0.452264] PCI: Using ACPI for IRQ routing
[    0.453165] NetLabel: Initializing
[    0.456003] NetLabel:  domain hash size = 128
[    0.460002] NetLabel:  protocols = UNLABELED CIPSOv4 CALIPSO
[    0.464022] NetLabel:  unlabeled traffic allowed by default
[    0.468090] clocksource: Switched to clocksource kvm-clock
[    0.482773] VFS: Disk quotas dquot_6.6.0
[    0.484537] VFS: Dquot-cache hash table entries: 512 (order 0, 4096 bytes)
[  05965] pprmor: AppArmor Filesystem Enabled
[  07447] np PP CP iit[   .0638]pn: nPACPI: found 3 devices
[   1.17054] clocksource: acpi_pm: mask: 0xffffff max_cycles: 0xffffff, max_idle_ns: 2085701024 ns
[    1.240677] NET: Registered protocol family 2

[    1.242320] TCP established hash table entries: 8192 (order: 4, 65536 bytes)
[    1.243184] TCP bind hash table entries: 8192 (order: 5, 131072 bytes)
[  12934] CP Hshtaescofiur (established 8192 bind 8192)
[    1.614845] UDP hash table entries: 512 (order: 2, 16384 bytes)
[   .6580]UD-Lite hash table entries: 512 (order: 2, 16384 bytes)
[    1.767766] NET: Registered protocol family 1
[    1.768452] pci 0000:00:00.0: Limiting direct PCI/PCI transfers
[    1.769285] pci 0000:00:01.0: Activating ISA DMA hang workarounds
[    1.770167] pci 0000:00:02.0: Video device with shadowed ROM at [mem 0x000c0000-0x000dffff]
[    1.771601] Unpacking initramfs...
[    1.974382] Freeing initrd memory: 19196K
[    1.981594] clocksource: tsc: mask: 0xffffffffffffffff max_cycles: 0x284460f1a18, max_idle_ns: 440795261562 ns
[    1.982985] platform rtc_cmos: registered platform RTC device (no PNP device found)
[    1.984082] Scanning for low memory corruption every 60 seconds
[    1.985451] Initialise system trusted keyrings
[    1.986108] Key type blacklist registered
[    1.988574] workingset: timestamp_bits=36 max_order=18 bucket_order=0
[    1.990198] zbud: loaded
[    1.991034] squashfs: version 4.0 (2009/01/31) Phillip Lougher
[    1.992031] fuse init (API version 7.26)
[    1.994411] Key type asymmetric registered
[    1.994969] Asymmetric key parser 'x509' registered
[    1.995618] Block layer SCSI generic (bsg) driver version 0.4 loaded (major 246)
[    1.996698] io scheduler noop registered
[    1.997279] io scheduler deadline registered
[    1.997895] io scheduler cfq registered (default)
[    1.998912] ACPI: AC Adapter [AC] (on-line)
[    2.016615] input: Power Button as /devices/LNXSYSTM:00/LNXPWRBN:00/input/input0
[    2.017867] ACPI: Power Button [PWRF]
[    2.018608] input: Sleep Button as /devices/LNXSYSTM:00/LNXSLPBN:00/input/input1
[    2.019735] ACPI: Sleep Button [SLPF]
[    2.020706] Serial: 8250/16550 driver, 32 ports, IRQ sharing enabled
[    2.043140] 00:02: ttyS0 at I/O 0x3f8 (irq = 4, base_baud = 115200) is a 16550A
[    2.059793] Linux agpgart interface v0.103
[    2.062220] loop: module loaded
[    2.063237] scsi host0: ata_piix
[    2.076508] scsi host1: ata_piix
[    2.084498] ata1: PATA max UDMA/33 cmd 0x1f0 ctl 0x3f6 bmdma 0xd000 irq 14
[    2.137525] ata2: PATA max UDMA/33 cmd 0x170 ctl 0x376 bmdma 0xd008 irq 15
[    2.211014] libphy: Fixed MDIO Bus: probed
[    2.225358] tun: Universal TUN/TAP device driver, 1.6
[    2.233031] PPP generic driver version 2.4.2
[    2.236391] ehci_hcd: USB 2.0 'Enhanced' Host Controller (EHCI) Driver
[    2.265342] ehci-pci: EHCI PCI platform driver
[    2.266082] ehci-platform: EHCI generic platform driver
[    2.266902] ohci_hcd: USB 1.1 'Open' Host Controller (OHCI) Driver
[    2.267721] ohci-pci: OHCI PCI platform driver
[    2.268433] ohci-platform: OHCI generic platform driver
[    2.269210] uhci_hcd: USB Universal Host Controller Interface driver
[    2.270155] i8042: PNP: PS/2 Controller [PNP0303:PS2K,PNP0f03:PS2M] at 0x60,0x64 irq 1,12
[    2.271724] serio: i8042 KBD port at 0x60,0x64 irq 1
[    2.272482] serio: i8042 AUX port at 0x60,0x64 irq 12
[    2.273373] mousedev: PS/2 mouse device common for all mice
[    2.274591] input: AT Translated Set 2 keyboard as /devices/platform/i8042/serio0/input/input2
[    2.280079] rtc_cmos rtc_cmos: rtc core: registered rtc_cmos as rtc0
[    2.282460] rtc_cmos rtc_cmos: alarms up to one day, 114 bytes nvram
[    2.283471] i2c /dev entries driver
[    2.284015] device-mapper: uevent: version 1.0.3
[    2.285081] device-mapper: ioctl: 4.37.0-ioctl (2017-09-20) initialised: dm-devel@redhat.com
[    2.286564] ledtrig-cpu: registered to indicate activity on CPUs
[    2.290568] NET: Registered protocol family 10
[    2.310870] Segment Routing with IPv6
[    2.311548] NET: Registered protocol family 17
[    2.312361] Key type dns_resolver registered
[    2.313106] mce: Using 0 MCE banks
[    2.313571] RAS: Correctable Errors collector initialized.
[    2.322449] sched_clock: Marking stable (2322408138, 0)->(4337895178, -2015487040)
[    2.323934] registered taskstats version 1
[    2.327876] Loading compiled-in X.509 certificates
[   22.350002] Loaded X.509 cert 'Build time autogenerated kernel key: 62d24f9c726e026b112735485dad6e6e4b50c923'
[    2.378622] zswap: loaded using pool lzo/zbud
[    2.390625] Key type big_key registered
[    2.311187] eey type trusted registered
[    2.520842] Ke  typeeencryptdd registere
[    2.817095] AppArmor: AppArmor sha1 policy hashing enabled
[    2.817860] ima: No TPM chip found, activating TPM-bypass! (rc=-19)
[    2.818755] ima: Allocated hash algorithm: sha1
[    2.819403] evm: HMAC attrs: 0x1
[    2.820060]   Magic number: 4:753:634
[    2.820732] rtc_cmos rtc_cmos: setting system clock to 2020-01-11 13:38:22 UTC (1578749902)
[    2.822158] BIOS EDD facility v0.16 2004-Jun-25, 0 devices found
[    2882388]]EEDD informationnnot available.
[    3.009869] Freeing unused kernel image memory: 2428K
[    3.020178] Write protecting the kernel read-only data: 20480k
[    3.038912] Freeing unused kernel image memory: 2008K
[    3.078474] Freeing unused kernel image memory: 1884K
[    3.108278] x86/mm: Checked W+X mappings: passed, no W+X pages found.
[    3.150855] x86/mm: Checking user space page tables
[    3.156735] x86/mm: Checked W+X mappings: passed, no W+X pages found.
Loading, please wait...
starting version 237
[    3.214702] Fusion MPT base driver 3.04.20
[    3.217911] Copyright (c) 1999-2008 LSI Corporation
[    3.234152] e1000: Intel(R) PRO/1000 Network Driver - version 7.3.21-k8-NAPI
[    3.256688] e1000: Copyright (c) 1999-2006 Intel Corporation.
[    3.279165] AVX2 version of gcm_enc/dec engaged.
[    3.279778] AES CTR mode by8 optimization enabled
[    3.290684] Fusion MPT SPI Host driver 3.04.20
[    3.455328] input: ImExPS/2 Generic Explorer Mouse as /devices/platform/i8042/serio1/input/input4
[    3.649826] e1000 0000:00:03.0 eth0: (PCI:33MHz:32-bit) 02:57:a3:c3:eb:b7
[    3.651043] e1000 0000:00:03.0 eth0: Intel(R) PRO/1000 Network Connection
[    3.653057] mptbase: ioc0: Initiating bringup
[    3.653154] e1000 0000:00:03.0 enp0s3: renamed from eth0
[    3.756436] ioc0: LSI53C1030 A0: Capabilities={Initiator}
[    4.003340] scsi host2: ioc0: LSI53C1030 A0, FwRev=00000000h, Ports=1, MaxQ=256, IRQ=20
[    4.373289] scsi 2:0:0:0: Direct-Access     VBOX     HARDDISK         1.0  PQ: 0 ANSI: 5
[    4.460040] scsi target2:0:0: Beginning Domain Validation
[    4.489698] scsi target2:0:0: Domain Validation skipping write tests
[    4.490766] scsi target2:0:0: Ending Domain Validation
[    4.491498] scsi target2:0:0: asynchronous
[    4.492834] scsi 2:0:1:0: Direct-Access     VBOX     HARDDISK         1.0  PQ: 0 ANSI: 5
[    4.956154] scsi target2:0:1: Beginning Domain Validation
[    5.118177] random: fast init done
[    5.119388] scsi target2:0:1: Domain Validation skipping write tests
[    5.120385] scsi target2:0:1: Ending Domain Validation
[    5.121109] scsi target2:0:1: asynchronous
[    5.124619] random: systemd-udevd: uninitialized urandom read (16 bytes read)
[    5.124691] sd 2:0:0:0: Attached scsi generic sg0 type 0
[    5.126087] sd 2:0:0:0: [sda] 20971520 512-byte logical blocks: (10.7 GB/10.0 GiB)
[    5.128614] sd 2:0:1:0: Attached scsi generic sg1 type 0
[    5.130536] random: systemd-udevd: uninitialized urandom read (16 bytes read)
[    5.133081] random: systemd-udevd: uninitialized urandom read (16 bytes read)
[    5.134346] sd 2:0:1:0: [sdb] 20480 512-byte logical blocks: (10.5 MB/10.0 MiB)
[    5.134823] sd 2:0:0:0: [sda] Write Protect is off
[    5.136523] sd 2:0:1:0: [sdb] Write Protect is off
[    5.136593] sd 2:0:0:0: [sda] Incomplete mode parameter data
[    5.138304] sd 2:0:0:0: [sda] Assuming drive cache: write through
[    5.139492] sd 2:0:1:0: [sdb] Incomplete mode parameter data
[    5.140442] sd 2:0:1:0: [sdb] Assuming drive cache: write through
[    5.141321]  sda: sda1
[    5.148543] sd 2:0:0:0: [sda] Attached SCSI disk
[    5.150575] sd 2:0:1:0: [sdb] Attached SCSI disk
Begin: Loading essential drivers ... [    6.568909] raid6: sse2x1   gen() 10481 MB/s
[    6.617358] raid6: sse2x1   xor()  8607 MB/s
[    6.667368] raid6: sse2x2   gen() 15837 MB/s
[    6.808352] raid6: sse2x2   xor()  8846 MB/s
[    6.964257] raid6: sse2x4   gen() 17411 MB/s
[    7.092549] raid6: sse2x4   xor() 10588 MB/s
[    7.287375] raid6: avx2x1   gen() 27589 MB/s
[    7.657359] raid6: avx2x1   xor() 17196 MB/s
[    7.724928] raid6: avx2x2   gen() 28418 MB/s
[    7.807399] raid6: avx2x2   xor() 19716 MB/s
[    7.892254] raid6: avx2x4   gen() 31098 MB/s
[    7.952506] raid6: avx2x4   xor() 20085 MB/s
[    7.967995] raid6: using algorithm avx2x4 gen() 31098 MB/s
[    7.968759] raid6: .... xor() 20085 MB/s, rmw enabled
[    7.981288] raid6: using avx2x2 recovery algorithm
[    8.019189] xor: automatically using best checksumming function   avx       
[    8.135436] async_tx: api initialized (async)
done.
Begin: Running /scripts/init-premount ... done.[    8.207386] Btrfs loaded, crc32c=crc32c-intel

Begin: Mounting root file system ... Begin: Running /scripts/local-top ... done.
Begin: Running /scripts/local-premount ... Scanning for Btrfs filesystems
done.
Warning: fsck no[    8.244964] EXT4-fs (sda1): mounted filesystem with ordered data mode. Opts: (null)
t present, so skipping root file system
done.
Begin: Running /scripts/local-bottom ... done.
Begin: Running /scripts/init-bottom ... done.
[    8.505295] ip_tables: (C) 2000-2006 Netfilter Core Team
[    8.666450] systemd[1]: systemd 237 running in system mode. (+PAM +AUDIT +SELINUX +IMA +APPARMOR +SMACK +SYSVINIT +UTMP +LIBCRYPTSETUP +GCRYPT +GNUTLS +ACL +XZ +LZ4 +SECCOMP +BLKID +ELFUTILS +KMOD -IDN2 +IDN -PCRE2 default-hierarchy=hybrid)
[    9.022189] systemd[1]: Detected virtualization oracle.
[    9.078531] systemd[1]: Detected architecture x86-64.

Welcome to [1mUbuntu 18.04.3 LTS[0m!

[    9.087678] systemd[1]: Set hostname to <ubuntu>.
[    9.761073] systemd[1]: Initializing machine ID from random generator.
[    9.762190] systemd[1]: Installed transient /etc/machine-id file.
[   10.083938] systemd[1]: Set up automount Arbitrary Executable File Formats File System Automount Point.
[[0;32m  OK  [0m] Set up automount Arbitrary Executab…rmats File System Automount Point.
[   10.107761] systemd[1]: Reached target User and Group Name Lookups.
[[0;32m  OK  [0m] Reached target User and Group Name Lookups.
[   10.208488] systemd[1]: Created slice System Slice.
[[0;32m  OK  [0m] Created slice System Slice.
[   10.217690] systemd[1]: Listening on LVM2 metadata daemon socket.
[[0;32m  OK  [0m] Listening on LVM2 metadata daemon socket.
[[0;32m  OK  [0m] Listening on Device-mapper event daemon FIFOs.
[[0;32m  OK  [0m] Created slice system-serial\x2dgetty.slice.
[[0;32m  OK  [0m] Listening on LVM2 poll daemon socket.
[[0;32m  OK  [0m] Listening on udev Control Socket.
[[0;32m  OK  [0m] Reached target System Time Synchronized.
[[0;32m  OK  [0m] Listening on Syslog Socket.
[[0;32m  OK  [0m] Listening on Journal Audit Socket.
[[0;32m  OK  [0m] Listening on /dev/initctl Compatibility Named Pipe.
[[0;32m  OK  [0m] Reached target Swap.
[[0;32m  OK  [0m] Listening on udev Kernel Socket.
[[0;32m  OK  [0m] Listening on Journal Socket (/dev/log).
[[0;32m  OK  [0m] Started Forward Password Requests to Wall Directory Watch.
[[0;32m  OK  [0m] Listening on Network Service Netlink Socket.
[[0;32m  OK  [0m] Created slice User and Session Slice.
[[0;32m  OK  [0m] Reached target Slices.
[[0;32m  OK  [0m] Listening on Journal Socket.
         Mounting Huge Pages File System...
         Starting Create list of required st…ce nodes for the current kernel...
         Starting Set the console keyboard layout...
         Starting udev Coldplug all Devices...
         Starting Remount Root and Kernel File Systems...
         Starting Load Kernel Modules...
[   10.395263] EXT4-fs (sda1): re-mounted. Opts: (null)
         Starting Monitoring of LVM2 mirrors…ng dmeventd or progress polling...
[   10.409604] Loading iSCSI transport class v2.0-870.
         Starting Uncomplicated firewall...
         Starting Journal Service...
         Mounting Kernel Debug File System...
         Mounting POSIX Message Queue File System...
[[0;32m  OK  [[   10.489962] iscsi: registered transport (tcp)
0m] Mounted Huge Pages File System.
[[0;32m  OK  [0m] Started Create list of required sta…vice n[   10.536788] iscsi: registered transport (iser)
odes for the current kernel.
[[0;32m  OK  [0m] Started Journal Service.
[[0;32m  OK  [0m] Started Set the console keyboard layout.
[[0;32m  OK  [0m] Started Remount Root and Kernel File Systems.
[[0;32m  OK  [0m] Started Load Kernel Modules.
[[0;32m  OK  [0m] Started Uncomplicated firewall.
[[0;32m  OK  [0m] Mounted Kernel Debug File System.
[[0;32m  OK  [0m] Mounted POSIX Message Queue File System.
[[0;32m  OK  [0m] Started udev Coldplug all Devices.
[[0;32m  OK  [0m] Started LVM2 metadata daemon.
         Mounting FUSE Control File System...
         Starting Apply Kernel Variables...
         Mounting Kernel Configuration File System...
         Starting Load/Save Random Seed...
         Starting Flush Journal to Persistent Storage...
         Starting Create Static Device Nodes in /dev...
[[0;32m  OK  [0m] Started Monitoring of LVM2 mirrors,…sing dmeventd or progress polling.
[[0;32m  OK  [0m] Mounted FUSE Control File System.
[[0;32m  OK  [0m] Mounted Kernel Configuration File System.
[[0;32m  OK  [0m] Started Load/Save Random Seed.
[[0;32m  OK  [0m] Started Create Static Device Nodes in /dev.
[[0;32m  OK  [0m] Started Apply Kernel Variables.
[[0;32m  OK  [0m] Started Flush Journal to Persistent Storage.
         Starting udev Kernel Device Manager...
[[0;32m  OK  [0m] Reached target Local File Systems (Pre).
[[0;32m  OK  [0m] Reached target Local File Systems.
         Starting Create Volatile Files and Directories...
         Starting Commit a transient machine-id on disk...
         Starting ebtables ruleset management...
         Starting Set console font and keymap...
         Starting AppArmor initialization...
         Starting Tell Plymouth To Write Out Runtime Data...
[[0;32m  OK  [0m] Started Create Volatile Files and Directories.
         Starting Update UTMP about System Boot/Shutdown...
[[0;32m  OK  [0m] Started udev Kernel Device Manager.
[[0;32m  OK  [0m] Started Dispatch Password Requests to Console Directory Watch.
[[0;32m  OK  [0m] Reached target Local Encrypted Volumes.
[[0;32m  OK  [0m] Started Set console font and keymap.
[[0;32m  OK  [0m] Started Tell Plymouth To Write Out Runtime Data.
[[0;32m  OK  [0m] Started Update UTMP about System Boot/Shutdown.
[[0;32m  OK  [0m] Started Commit a transient machine-id on disk.
[[0;32m  OK  [0m] Started ebtables ruleset management.
[[0;32m  OK  [0m] Found device /dev/ttyS0.
[[0;32m  OK  [0m] Listening on Load/Save RF Kill Switch Status /dev/rfkill Watch.
[[0;32m  OK  [0m] Started AppArmor initialization.
         Starting Initial cloud-init job (pre-networking)...
[   12.915220] cloud-init[543]: Cloud-init v. 19.3-41-gc4735dd3-0ubuntu1~18.04.1 running 'init-local' at Sat, 11 Jan 2020 13:38:32 +0000. Up 12.59 seconds.
[[0;32m  OK  [0m] Started Initial cloud-init job (pre-networking).
[[0;32m  OK  [0m] Reached target Network (Pre).
         Starting Network Service...
[[0;32m  OK  [0m] Started Network Service.
         Starting Network Name Resolution...
         Starting Wait for Network to be Configured...
[[0;32m  OK  [0m] Started Network Name Resolution.
[[0;32m  OK  [0m] Reached target Network.
[[0;32m  OK  [0m] Reached target Host and Network Name Lookups.
[[0;32m  OK  [0m] Started Wait for Network to be Configured.
         Starting Initial cloud-init job (metadata service crawler)...
[   14.647923] cloud-init[666]: Cloud-init v. 19.3-41-gc4735dd3-0ubuntu1~18.04.1 running 'init' at Sat, 11 Jan 2020 13:38:34 +0000. Up 14.53 seconds.
[   14.650732] cloud-init[666]: ci-info: ++++++++++++++++++++++++++++++++++++++Net device info++++++++++++++++++++++++++++++++++++++
[   14.651952] cloud-init[666]: ci-info: +--------+------+----------------------------+---------------+--------+-------------------+
[   14.653156] cloud-init[666]: ci-info: | Device |  Up  |          Address           |      Mask     | Scope  |     Hw-Address    |
[   14.662797] cloud-init[666]: ci-info: +--------+------+----------------------------+---------------+--------+-------------------+
[   14.664318] cloud-init[666]: ci-info: | enp0s3 | True |         10.0.2.15          | 255.255.255.0 | global | 02:57:a3:c3:eb:b7 |
[   14.671327] cloud-init[666]: ci-info: | enp0s3 | True | fe80::57:a3ff:fec3:ebb7/64 |       .       |  link  | 02:57:a3:c3:eb:b7 |
[   14.678338] cloud-init[666]: ci-info: |   lo   | True |         127.0.0.1          |   255.0.0.0   |  host  |         .         |
[   14.691788] cloud-init[666]: ci-info: |   lo   | True |          ::1/128           |       .       |  host  |         .         |
[   14.752427] cloud-init[666]: ci-info: +--------+------+----------------------------+---------------+--------+-------------------+
[   14.796309] cloud-init[666]: ci-info: ++++++++++++++++++++++++++++Route IPv4 info+++++++++++++++++++++++++++++
[   14.810680] cloud-init[666]: ci-info: +-------+-------------+----------+-----------------+-----------+-------+
[   14.813687] cloud-init[666]: ci-info: | Route | Destination | Gateway  |     Genmask     | Interface | Flags |
[   14.816240] cloud-init[666]: ci-info: +-------+-------------+----------+-----------------+-----------+-------+
[   14.817699] cloud-init[666]: ci-info: |   0   |   0.0.0.0   | 10.0.2.2 |     0.0.0.0     |   enp0s3  |   UG  |
[   14.820909] cloud-init[666]: ci-info: |   1   |   10.0.2.0  | 0.0.0.0  |  255.255.255.0  |   enp0s3  |   U   |
[   14.822231] cloud-init[666]: ci-info: |   2   |   10.0.2.2  | 0.0.0.0  | 255.255.255.255 |   enp0s3  |   UH  |
[   14.857884] cloud-init[666]: ci-info: +-------+-------------+----------+-----------------+-----------+-------+
[   14.865772] cloud-init[666]: ci-info: +++++++++++++++++++Route IPv6 info+++++++++++++++++++
[   14.867870] cloud-init[666]: ci-info: +-------+-------------+---------+-----------+-------+
[   14.870199] cloud-init[666]: ci-info: | Route | Destination | Gateway | Interface | Flags |
[   14.890414] cloud-init[666]: ci-info: +-------+-------------+---------+-----------+-------+
[   14.924255] cloud-init[666]: ci-info: |   1   |  fe80::/64  |    ::   |   enp0s3  |   U   |
[   14.952584] cloud-init[666]: ci-info: |   3   |    local    |    ::   |   enp0s3  |   U   |
[   14.962530] cloud-init[666]: ci-info: |   4   |   ff00::/8  |    ::   |   enp0s3  |   U   |
[   14.963704] cloud-init[666]: ci-info: +-------+-------------+---------+-----------+-------+
[   15.299643] cloud-init[666]: Generating public/private rsa key pair.
[[0;32m  OK  [0m] Started Initial cloud-init job (metadata service crawler).
[   15.368809] [cloud-init[0;32m  OK  [0m[666]: ] Your identification has been saved in /etc/ssh/ssh_host_rsa_key.Reached target System Initialization.

[[0;32m  OK  [0m] Started Daily apt download activities.
[   15.404197] [[0;32m  OK  [0m] Listening on UUID daemon activation socket.
cloud-init[666]: Your public key has been saved in /etc/ssh/ssh_host_rsa_key.pub.
         Starting Socket activation for snappy daemon.
[   15.428511] cloud-init[666]: The key fingerprint is:
         Starting LXD - unix socket.
[   15.463107] [cloud-init[0;32m  OK  [0m[666]: ] SHA256:jenIEj/zkf4oBdXEqjxa6OcgTrOW1GpVLqdJCIHMIcQ root@ubuntu-bionicStarted Daily Cleanup of Temporary Directories.

[   15.513236] cloud-init[[0;32m  OK  [0m] Started ACPI Events Check.
[[0;32m  OK  [0m] Started Daily apt upgrade and clean activities.
[666]: The key's randomart image is:
[[0;32m  OK  [0m] Started Discard unused blocks once a week.
[   15.519682] cloud-init[666]: +---[RSA 2048]----+
[   15.520202] cloud-init[666]: |Bo.      +.      |
[   15.520283] cloud-init[666]: |+E      . o      |
[   15.520345] cloud-init[666]: | .     . .       |
[[0;32m  OK  [0m] Listening on ACPID Listen Socket.
[   15.520415] [[0;32m  OK  [0m] Started Message of the Day.
[[0;32m  OK  [0m] Reached target Paths.
[[0;32m  OK  [0m] Reached target Timers.
cloud-init[666]: |.     o .+       |
[[0;32m  OK  [0m] Listening on D-Bus System Message Bus Socket.
[   15.562731] [cloud-init[0;32m  OK  [0m[666]: ] | . o.= oS .      |Listening on Open-iSCSI iscsid Socket.

[[0;32m  OK  [0m] Reached target Cloud-config availability.
[   15.576620] [cloud-init[0;32m  OK  [0m[666]: ] |  o *+Bo..       |Reached target Network is Online.

         Starting Availability of block devices...
[   15.627720] cloud-init[666]: | .+*oB*o+        |
[   15.648292] [cloud-init[0;32m  OK  [0m[666]: ] | o=+=oo= o       |Reached target Remote File Systems (Pre).

[[0;32m  OK  [0m] Reached target Remote File Systems.
[   15.652241] [cloud-init[0;32m  OK  [0m[666]: ] | oo  o..+..      |Listening on Socket activation for snappy daemon.

[[0;32m  OK  [0m] Listening on LXD - unix socket.
[   15.694578] cloud-init[666]: +----[SHA256]-----+
[[0;32m  OK  [0m] Started Availability of block devices.
[   15.722728] [cloud-init[0;32m  OK  [0m[666]: ] Generating public/private dsa key pair.Reached target Sockets.

[[0;32m  OK  [0m] Reached target Basic System.
[   15.745922] cloud-init[666]:          Starting Virtualbox guest utils...
Your identification has been saved in /etc/ssh/ssh_host_dsa_key.
[   15.750027] cloud-init[666]: Your public key has been saved in /etc/ssh/ssh_host_dsa_key.pub.
[   15.751919] cloud-init[666]: The key fingerprint is:
         [   15.756338] Starting Dispatcher daemon for systemd-networkd...cloud-init
[666]: SHA256:iyaTiFfwErWKX5VmIEonmTwdojThJoAONBboT9n/QpY root@ubuntu-bionic
         [   15.781866] Starting Permit User Sessions...cloud-init
[666]: The key's randomart image is:
         [   15.798690] Starting LSB: Record successful boot for GRUB...cloud-init
[666]: +---[DSA 1024]----+
         [   15.807661] Starting Accounts Service...cloud-init
[666]: |*%Bo+            |
         [   15.814525] cloud-init[666]: |@**+ o .         |
[   15.815048] cloud-init[666]: |Bo+ + =          |
[   15.815199] cloud-init[666]: |o+ B =           |
[   15.815349] cloud-init[666]: |. = + . S        |
[   15.815513] cloud-init[666]: | o * . E .       |
[   15.816086] cloud-init[666]: |. + + = o        |
[   15.816193] cloud-init[666]: | .   + . .       |
[   15.816353] cloud-init[666]: |        .        |
[   15.816507] cloud-init[666]: +----[SHA256]-----+
[   15.816663] cloud-init[666]: Generating public/private ecdsa key pair.
[   15.816834] cloud-init[666]: Your identification has been saved in /etc/ssh/ssh_host_ecdsa_key.
[   15.816986] cloud-init[666]: Your public key has been saved in /etc/ssh/ssh_host_ecdsa_key.pub.
[   15.817151] cloud-init[666]: The key fingerprint is:
[   15.817298] cloud-init[666]: SHA256:lvY2pNc8HiYRUb5mgbQWstX2wfBCra1JsL3GtQiXaEU root@ubuntu-bionic
[   15.817462] cloud-init[666]: The key's randomart image is:
[   15.817617] cloud-init[666]: +---[ECDSA 256]---+
[   15.817780] cloud-init[666]: |        . =+E+   |
[   15.817940] cloud-init[666]: |         =.B+.+  |
[   15.818093] cloud-init[666]: |        . =B+=.. |
[   15.818251] cloud-init[666]: |         o=.*++  |
[   15.818415] cloud-init[666]: |        S.o=+* . |
[   15.818932] cloud-init[666]: |       o + *B .  |
[   15.819083] cloud-init[666]: |        . *.*    |
[   15.819243] cloud-init[666]: |         o = o   |
[   15.819400] cloud-init[666]: |            .    |
[   15.819558] cloud-init[666]: +----[SHA256]-----+
[   15.819716] cloud-init[666]: Generating public/private ed25519 key pair.
[   15.820236] cloud-init[666]: Your identification has been saved in /etc/ssh/ssh_host_ed25519_key.
[   15.820403] cloud-init[666]: Your public key has been saved in /etc/ssh/ssh_host_ed25519_key.pub.
[   15.820557] cloud-init[666]: The key fingerprint is:
[   15.820708] cloud-init[666]: SHA256:zHf7Jt6cutdlEfD3KzezgE87mae3EeamD19daOKMhJc root@ubuntu-bionic
[   15.820872] cloud-init[666]: The key's randomart image is:
[   15.821359] cloud-init[666]: +--[ED25519 256]--+
[   15.821516] cloud-init[666]: |             ..  |
[   15.821671] cloud-init[666]: |              .. |
[   15.821824] cloud-init[666]: |               .o|
[   15.821986] cloud-init[666]: |       o . .   oo|
[   15.822147] cloud-init[666]: |        S E o oo+|
[   15.822305] cloud-init[666]: |         + =.+o B|
[   15.822489] cloud-init[666]: |          ..+=o@+|
[   15.822646] cloud-init[666]: |            +B%+B|
[   15.825384] cloud-init[666]: |           .+@@=.|
[   15.825910] cloud-init[666]: +----[SHA256]-----+
Starting LXD - container startup/shutdown...
         Starting Pollinate to seed the pseudo random number generator...
         Starting Login Service...
[[0;32m  OK  [0m] Started irqbalance daemon.
         Starting LSB: automatic crash report generation...
[[0;32m  OK  [0m] Started D-Bus System Message Bus.
[[0;32m  OK  [0m] Started Login Service.
[[0;32m  OK  [0m] Started Unattended Upgrades Shutdown.
         Starting System Logging Service...
[[0;32m  OK  [0m] Started Deferred execution scheduler.
[[0;32m  OK  [0m] Started FUSE filesystem for LXC.
[[0;32m  OK  [0m] Started Regular background program processing daemon.
         Starting Snappy daemon...
[[0;32m  OK  [0m] Started Dispatcher daemon for systemd-networkd.
[[0;32m  OK  [0m] Started System Logging Service.
[[0;32m  OK  [0m] Started Permit User Sessions.
         Starting Authorization Manager...
         Starting Hold until boot process finishes up...
         Starting Terminate Plymouth Boot Screen...
[[0;32m  OK  [0m] Started Hold until boot process finishes up.
         Starting Set console scheme...
[[0;32m  OK  [0m] Started Serial Getty on ttyS0.
[[0;32m  OK  [0m] Started Terminate Plymouth Boot Screen.
[[0;32m  OK  [0m] Started LXD - container startup/shutdown.
[[0;32m  OK  [0m] Started LSB: Record successful boot for GRUB.
[[0;32m  OK  [0m] Started LSB: automatic crash report generation.
[[0;32m  OK  [0m] Started Authorization Manager.
[[0;32m  OK  [0m] Started Accounts Service.
[[0;32m  OK  [0m] Started Set console scheme.
[[0;32m  OK  [0m] Created slice system-getty.slice.
[[0;32m  OK  [0m] Started Getty on tty1.
[[0;32m  OK  [0m] Reached target Login Prompts.
[[0;32m  OK  [0m] Started Virtualbox guest utils.
[[0;32m  OK  [0m] Started Snappy daemon.
         Starting Wait until snapd is fully seeded...
[[0;32m  OK  [0m] Started Pollinate to seed the pseudo random number generator.
         Starting OpenBSD Secure Shell server...
[[0;32m  OK  [0m] Started OpenBSD Secure Shell server.
[[0;32m  OK  [0m] Created slice User Slice of vagrant.
         Starting User Manager for UID 1000...
[[0;32m  OK  [0m] Started Session 1 of user vagrant.
[[0;32m  OK  [0m] Started User Manager for UID 1000.
[[0;32m  OK  [0m] Started Wait until snapd is fully seeded.
         Starting Apply the settings specified in cloud-config...
[[0;32m  OK  [0m] Reached target Multi-User System.
[[0;32m  OK  [0m] Reached target Graphical Interface.
         Starting Update UTMP about System Runlevel Changes...
[[0;32m  OK  [0m] Started Update UTMP about System Runlevel Changes.
[   19.302707] cloud-init[1341]: Cloud-init v. 19.3-41-gc4735dd3-0ubuntu1~18.04.1 running 'modules:config' at Sat, 11 Jan 2020 13:38:38 +0000. Up 18.75 seconds.
[[0;32m  OK  [0m] Started Apply the settings specified in cloud-config.
         Starting Execute cloud user/final scripts...
ci-info: no authorized ssh keys fingerprints found for user ubuntu.
<14>Jan 11 13:38:39 ec2: 
<14>Jan 11 13:38:39 ec2: #############################################################
<14>Jan 11 13:38:39 ec2: -----BEGIN SSH HOST KEY FINGERPRINTS-----
<14>Jan 11 13:38:39 ec2: 1024 SHA256:iyaTiFfwErWKX5VmIEonmTwdojThJoAONBboT9n/QpY root@ubuntu-bionic (DSA)
<14>Jan 11 13:38:39 ec2: 256 SHA256:lvY2pNc8HiYRUb5mgbQWstX2wfBCra1JsL3GtQiXaEU root@ubuntu-bionic (ECDSA)
<14>Jan 11 13:38:39 ec2: 256 SHA256:zHf7Jt6cutdlEfD3KzezgE87mae3EeamD19daOKMhJc root@ubuntu-bionic (ED25519)
<14>Jan 11 13:38:39 ec2: 2048 SHA256:jenIEj/zkf4oBdXEqjxa6OcgTrOW1GpVLqdJCIHMIcQ root@ubuntu-bionic (RSA)
<14>Jan 11 13:38:39 ec2: -----END SSH HOST KEY FINGERPRINTS-----
<14>Jan 11 13:38:39 ec2: #############################################################
-----BEGIN SSH HOST KEY KEYS-----
ecdsa-sha2-nistp256 AAAAE2VjZHNhLXNoYTItbmlzdHAyNTYAAAAIbmlzdHAyNTYAAABBBCeycqH9PcHzIK5ISxYkz9rr9uBeqEGVdloL0sjJKrGtCi36EMDpyhllahhkGKsDpgMKQJKyQ3hm+pcPu1tgpHs= root@ubuntu-bionic
ssh-ed25519 AAAAC3NzaC1lZDI1NTE5AAAAIGNK/av4iYFbi0Fr4ZOqmd4rDA8x34XYFGeQcxp/e2R3 root@ubuntu-bionic
ssh-rsa AAAAB3NzaC1yc2EAAAADAQABAAABAQDlWbG4pL5vTu3VvQujTKjpA3jSPcm74ov278n3a45AKgyXfTQ0EH5vU6nHmirYreLcfLgkghRWXZfycuJi7b/TIpXJgQtFFK1cxnBoB3HDIxFtvNVWaLTsR3mb6Uz7WJ5b1ivK4IeA5xwXYFblEFBpXSHwgIoporAN6Wg6zUvTibfwaqmLsMIxhmkfLaP08NKajXNazn8g43mhkiJsr7dESImCuc2sTP+RePtI93RubgoKbTshXmjdizeqtAaZHglwpJWrZbX5icoBhGPnIKSoOmPSsM8mNqdXFzSHvGgV8O2IKasmxnAB29KKGy1puJSfguoDkGG933mTfFOPDIAh root@ubuntu-bionic
-----END SSH HOST KEY KEYS-----
[   19.884462] cloud-init[1495]: Cloud-init v. 19.3-41-gc4735dd3-0ubuntu1~18.04.1 running 'modules:final' at Sat, 11 Jan 2020 13:38:39 +0000. Up 19.73 seconds.
[   19.886432] cloud-init[1495]: ci-info: no authorized ssh keys fingerprints found for user ubuntu.
[   19.887601] cloud-init[1495]: Cloud-init v. 19.3-41-gc4735dd3-0ubuntu1~18.04.1 finished at Sat, 11 Jan 2020 13:38:39 +0000. Datasource DataSourceNoCloud [seed=/dev/sdb][dsmode=net].  Up 19.87 seconds
[[0;32m  OK  [0m] Started Execute cloud user/final scripts.
[[0;32m  OK  [0m] Reached target Cloud-init target.

Ubuntu 18.04.3 LTS ubuntu-bionic ttyS0

ubuntu-bionic login: 