[    0.000000 Itilizing cgroup subsys cpuset
[    0.000000] Initializing cgroup subsys cpu
[    0.000000] Initializing cgroup subsys cpuacct
[    0.000000] Linux version 4.4.0-171-generic (buildd@lcy01-amd64-018) (gcc version 5.4.0 20160609 (Ubuntu 5.4.0-6ubuntu1~16.04.12) ) #200-Ubuntu SMP Tue Dec 3 11:04:55 UTC 2019 (Ubuntu 4.4.0-171.200-generic 4.4.203)
[    0.000000] Command line: BOOT_IMAGE=/boot/vmlinuz-4.4.0-171-generic root=LABEL=cloudimg-rootfs ro console=tty1 console=ttyS0
[    .00000] KERNEL supported cpus:
[    0.000000]   Intel GenuineIntel
[   0.000000]   AMD AuthenticAMD
[    0.000000]   Centaur CentaurHauls
[    0.000000] x86/fpu: xstate_offset[2]:  576, xstate_sizes[2]:  256
[    0.000000] x86/fpu: Supporting XSAVE feature 0x01: 'x87 floating point registers'
[    0.000000] x86/fpu: Supporting XSAVE feature 0x02: 'SSE registers'
[    0.000000] x86/fpu: Supporting XSAVE feature 0x04: 'AVX registers'
[    0.000000] x86/fpu: Enabled xstate features 0x7, context size is 832 bytes, using 'standard' format.
[    0.000000] e820: BIOS-provided physical RAM map:
[    0.000000] BIOS-e820: [mem 0x0000000000000000-0x000000000009fbff] usable
[    0.000000] BIOS-e820: [mem 0x000000000009fc00-0x000000000009ffff] reserved
[    0.000000] BIOS-e820: [mem 0x00000000000f0000-0x00000000000fffff] reserved
[    0.000000] BIOS-e820: [mem 0x0000000000100000-0x000000003ffeffff] usable
[    0.000000] BIOS-e820: [mem 0x000000003fff0000-0x000000003fffffff] ACPI dta
[   .00000BI-e20: [mem 0x00000000fec00000-0x00000000fec00fff] reserved
[    0.000000] BIOS-e820: [mem 0x00000000fee00000-0x00000000fee00fff] reserved
[    0.000000] BIOS-e820: [mem 0x00000000fffc0000-0x00000000ffffffff] reserved
[    0.000000] NX (Execute Disable) protection: active
[    0.000000] SMBIOS 2.5 present.
[    0.000000] Hypervisor detected: KVM
[    0.000000] e820: last_pfn = 0x3fff0 max_arch_pfn = 0x400000000
[    0.000000] MTRR: Disabled
[    0.000000] x86/PAT: MTRRs disabled, skipping PAT initialization too.
[    0.000000] CPU MTRRs all blank - virtuaze sstem.
[  0.0000] x86/PAT: Configuration [0-7]: WB  WT  UC- UC  WB  WT  UC- UC  
[  00000] fun SP P-able at me0x00fff0-0x0009fff mppd t [ffff88000009ff0][   0.000000] canig areas for low memory corruption
[    0.000000] RAMDISK: [mem 0x362e2000-0x37168fff]
[    0.000000] ACPI: Early table checksum verification disabled
[    0.000000] ACPI: RSDP 0x000000000E00 00024 (02VBX )[    0.000] CPI: XSDT 0x000000003FFF0030 00003C (v01 VBOX   VBOXXSDT 00000001 ASL  00000061)
[    0.000000] ACPI: FACP 0x000000003FFF00F0 0000F4 (v04 VBOX   VBOXFACP 00000001 ASL  00000061)
[    0.000000] ACPI: DSDT 0x000000003FFF0470 0021FF (v02 VBOX   VBOXBIOS 00000002 INTL 20180105)
[    0.000000] ACPI: FACS 0x000000003FFF0200 000040
[    0.000000] ACPI: FACS 0x000000003FFF0200 000040
[    0.000000] ACPI: APIC 0x000000003FFF0240 00005C (v02 VBOX   VBOXAPIC 00000001 ASL  00000061)
[    0.000000] ACPI: SSDT 0x000000003FFF02A0 0001CC (v01 VBOX   VBOXCPUT 00000002 INTL 20180105)
[    0.000000] No NUMA configuration found
[    0.000000] Faking a node at [mem 0x0000000000000000-0x000000003ffeffff]
[    0.000000] NODE_DATA(0) allocated [mem 0x3ffeb000-0x3ffeffff]
[    0.000000] kvm-clock: Using msrs 4b564d01 and 4b564d0
   000000] kvm-lok:pu0, ms 03fe31,primary cpu lok[   0.0000 km-lock: usngscedofset of 3121288115 cycles
[    0.000000] clocksource: kvm-clock: mask: 0xffffffffffffffff max_cycles: 0x1cd42e4dfffb, max_idle_ns: 881590591483 ns
[    0.000000] Zone ranges:
[    0.000000]   DMA      [mem 0x0000000000001000-0x0000000000ffffff]
[    0.000000]   DMA32    [mem 0x0000000001000000-0x000000003ffeffff]
[   0.000000]   Normal   empty
[    0.000000]   Device   empty
[    0.000000] Movable zone start for each node
[    0.000000] Early memory node ranges
[    000000]   noe  0: [mem x000000001000-0x00000000efff]
[  00000]   od  : mem 0x0000000000000-x00000003ffeffff][   .000000] Initme supode 0 [em0x0000000001000-0x000000003ffeffff]
[    0.000000] ACPI: PM-Timer IO Port: 0x4008
[    0.000000] IOAPIC[0]: apic_id 2, version 32, address 0xfec00000, GSI 0-23
[    0.000] CP: INT_RCOV (us0 us_irq 0 globl_rq dl dfl)
  0.0000] ACPI: INT_SRC_OVR (bus 0 bus_irq 9 gloalirq  lw evel)
[  00000] Using CP (AD) or SMP confiraio iformatio
   000000] smpboo: loin 2 CPUs, 0 htpug CPUs
[    0.000000] PM: Registered nosve memory: [mem 0x00000000-0x00000fff]
[    0.000000] PM: Registered nosave memory: [mem 0x009f000-0009fff
[    0.000000]PMRestered ose emry: [me 0000000-0x000effff]
[    0.000000] PM: Registered nosave memory: [mem 0x000f0000-0x000fffff]
[    0.000000] e820: [mem 0x40000000-0xfebfffff] available for PCI devices
[    0.000000] Booting paravirtualized kernel on KVM
[    0.000000] clocksource: refined-jiffies: mask: 0xffffffff max_cycles: 0xffffffff, max_idle_ns: 7645519600211568 ns
[    0.000000] setup_percpu: NR_CPUS:512 nr_cpumask_bits:512 nr_cpu_ids:2 nr_node_ids:1
[    0.000000] PERCPU: Embedded 33 pages/cpu @ffff88003fc00000 s95448 r8192 d31528 u1048576
[    0.000000] Built 1 zonelists in Node order, mobility grouping on.  Total pages: 257912
[    0.000000] Policy zone: DMA32
[    0.000000] Kernel command line: BOOT_IMAGE=/boot/vmlinuz-4.4.0-171-generic root=LABEL=cloudimg-rootfs ro console=tty1 console=ttyS0
[    0.000000] PID hash table entries: 4096 (order: 3, 32768 bytes)
[    0.000000] Memory: 997680K/1048120K available (8626K kernel code, 1336K rwdata, 4032K rodata, 1488K init, 1288K bss, 50440K reserved, 0K cma-reserved)
[    0.000000] SLUB: HWalign=64, Order=0-3, MinObjects=0, CPUs=2, Nodes=1
[    0.000000] Kernel/User page tables isolation: enabled
[    0.000000] Hierarchical RCU implementation.
[    0.000000] 	Build-time adjustment of leaf fanout to 64.
[    0.000000] 	RCU restricting CPUs from NR_CPUS=512 to nr_cpu_ids=2.
[    0.000000] RCU: Adjusting geometry for rcu_fanout_leaf=64, nr_cpu_ids=2
[    0.000000] NR_IRQS:33024 nr_irqs:440 16
[    0.000000] Console: colour VGA+ 80x25
[    0.000000] console [tty1] enabled
[    0.000000] console [ttyS0] enabled
[    0.000000] tsc: Detected 2793.530 MHz processor
[    2.545017] Calibrating delay loop (skipped) preset value.. 5587.06 BogoMIPS (lpj=11174120)
[    2.546524] pid_max: default: 32768 minimum: 301
[    2.547368] ACPI: Core revision 20150930
[    2.548756] ACPI: 2 ACPI AML tables successfully acquired and loaded
[    2.550048] Security Framework initialized
[   2.550776] Yama: becoming mindful.
[    2.561851] AppArmor: AppArmor initialized
[   .562771] Dentry cache hash table entries: 131072 (order: 8, 1048576 bytes)
[    2.589146] Inode-cache hash table entries: 65536 (order: 7, 524288 bytes)
[    2.595670] Mount-cache hash table entries: 2048 (order: 2, 16384 bytes)
[    2.596660] Mountpoint-cache hash table entries: 2048 (order: 2, 16384 bytes)
[    2.597899] Initializing cgroup subsys io
[    2.598667] Initializing cgroup subsys memory
[    2.599486] Initializing cgroup subsys devices
[    2.600213] Initializing cgroup subsys freezer
[    2.600977] Initializing cgroup subsys net_cls
[    2.601743] Initializing cgroup subsys perf_event
[    2.602595] Initializing cgroup subsys net_prio
[    2.603320] Initializing cgroup subsys hugetlb
[    2.604128] Initializing cgroup subsys pids
[    2.605677] mce: CPU supports 0 MCE banks
[    2.606400] Last level iTLB entries: 4KB 1024, 2MB 1024, 4MB 1024
[    2.607358] Last level dTLB entries: 4KB 1024, 2MB 1024, 4MB 1024, 1GB 4
[    2.608475] Spectre V1 : Mitigation: usercopy/swapgs barriers and __user pointer sanitization
[    2.609869] Spectre V2 : Mitigation: Full generic retpoline
[    2.612762] Spectre V2 : Spectre v2 / SpectreRSB mitigation: Filling RSB on context switch
[    2.614300] Speculative Store Bypass: Vulnerable
[    2.615231] MDS: Mitigation: Clear CPU buffers
[    2.617690] Freeing SMP alternatives memory: 36K
[    2.622171] ftrace: allocating 32302 entries in 127 pages
[    2.670840] smpboot: APIC(0) Converting physical 0 to logical package 0
[    2.677153] smpboot: Max logical packages: 1
[    2.683389] x2apic enabled
[    2.689394] Switched APIC routing to physical x2apic.
[    2.714998] ..TIMER: vector=0x30 apic1=0 pin1=2 apic2=-1 pin2=-1
[    2.823911] smpboot: CPU0: Intel(R) Core(TM) i7-4810MQ CPU @ 2.80GHz (family: 0x6, model: 0x3c, stepping: 0x3)
[    2.865467] Performance Events: unsupported p6 CPU model 60 no PMU driver, software events only.
[    2.943811] KVM setup paravirtual spinlock
[    2.988111] x86: Booting SMP configuration:
[    3.006770] .... node  #0, CPUs:      #1
[    3.035915] kvm-clock: cpu 1, msr 0:3ffe3041, secondary cpu clock
[    3.037514] mce: CPU supports 0 MCE banks
[    3.040077] x86: Booted up 1 node, 2 CPUs
[    3.044702] smpboot: Total of 2 processors activated (11174.12 BogoMIPS)
[    3.056950] devtmpfs: initialized
[    3.090601] evm: security.selinux
[    3.091187] evm: security.SMACK64
[    3.094774] evm: security.SMACK64EXEC
[    3.095490] evm: security.SMACK64TRANSMUTE
[    3.102776] evm: security.SMACK64MMAP
[    3.106667] evm: security.ima
[    3.118245] evm: security.capability
[    3.136168] clocksource: jiffies: mask: 0xffffffff max_cycles: 0xffffffff, max_idle_ns: 7645041785100000 ns
[    3.179668] futex hash table entries: 512 (order: 3, 32768 bytes)
[    3.218049] pinctrl core: initialized pinctrl subsystem
[    3.235628] RTC time: 12:21:33, date: 01/11/20
[    3.254216] NET: Registered protocol family 16
[    3.281190] cpuidle: using governor ladder
[    3.309423] cpuidle: using governor menu
[    3.320131] PCCT header not found.
[    3.332830] ACPI: bus type PCI registered
[    3.334710] acpiphp: ACPI Hot Plug PCI Controller Driver version: 0.5
[    3.342096] PCI: Using configuration type 1 for base access
[    3.353245] ACPI: Added _OSI(Module Device)
[    3.354125] ACPI: Added _OSI(Processor Device)
[    3.355029] ACPI: Added _OSI(3.0 _SCP Extensions)
[    3.355903] ACPI: Added _OSI(Processor Aggregator Device)
[    3.357442] ACPI: Executed 1 blocks of module-level executable AML code
[    3.367059] ACPI: Interpreter enabled
[    3.369450] ACPI: (supports S0 S5)
[    3.371232] ACPI: Using IOAPIC for interrupt routing
[    3.372181] PCI: Using host bridge windows from ACPI; if necessary, use "pci=nocrs" and report a bug
[    3.376303] ACPI: PCI Root Bridge [PCI0] (domain 0000 [bus 00-ff])
[    3.377186] acpi PNP0A03:00: _OSC: OS supports [ASPM ClockPM Segments MSI]
[    3.378132] acpi PNP0A03:00: _OSC: not requesting OS control; OS requires [ExtendedConfig ASPM ClockPM MSI]
[    3.388086] acpi PNP0A03:00: fail to add MMCONFIG information, can't access extended PCI configuration space under this bridge.
[    3.391251] PCI host bridge to bus 0000:00
[    3.392990] pci_bus 0000:00: root bus resource [io  0x0000-0x0cf7 window]
[    3.394997] pci_bus 0000:00: root bus resource [io  0x0d00-0xffff window]
[    3.397238] pci_bus 0000:00: root bus resource [mem 0x000a0000-0x000bffff window]
[    3.415749] pci_bus 0000:00: root bus resource [mem 0x40000000-0xfdffffff window]
[    3.438726] pci_bus 0000:00: root bus resource [bus 00-ff]
[    3.440839] pci 0000:00:01.1: legacy IDE quirk: reg 0x10: [io  0x01f0-0x01f7]
[    3.441923] pci 0000:00:01.1: legacy IDE quirk: reg 0x14: [io  0x03f6]
[    3.443004] pci 0000:00:01.1: legacy IDE quirk: reg 0x18: [io  0x0170-0x0177]
[    3.444077] pci 0000:00:01.1: legacy IDE quirk: reg 0x1c: [io  0x0376]
[    3.468114] pci 0000:00:07.0: quirk: [io  0x4000-0x403f] claimed by PIIX4 ACPI
[    3.475255] pci 0000:00:07.0: quirk: [io  0x4100-0x410f] claimed by PIIX4 SMB
[    3.481596] ACPI: PCI Interrupt Link [LNKA] (IRQs 5 9 10 *11)
[    3.501029] ACPI: PCI Interrupt Link [LNKB] (IRQs 5 9 *10 11)
[    3.524868] ACPI: PCI Interrupt Link [LNKC] (IRQs 5 *9 10 11)
[    3.528888] ACPI: PCI Interrupt Link [LNKD] (IRQs 5 9 10 *11)
[    3.530299] ACPI: Enabled 2 GPEs in block 00 to 07
[    3.531475] vgaarb: setting as boot device: PCI:0000:00:02.0
[    3.532468] vgaarb: device added: PCI:0000:00:02.0,decodes=io+mem,owns=io+mem,locks=none
[    3.534023] vgaarb: loaded
[    3.534673] vgaarb: bridge control possible 0000:00:02.0
[    3.535823] SCSI subsystem initialized
[    3.536695] ACPI: bus type USB registered
[    3.537457] usbcore: registered new interface driver usbfs
[    3.538430] usbcore: registered new interface driver hub
[    3.540097] usbcore: registered new device driver usb
[    3.559204] PCI: Using ACPI for IRQ routing
[    3.587205] NetLabel: Initializing
[    3.594620] NetLabel:  domain hash size = 128
[    3.595337] NetLabel:  protocols = UNLABELED CIPSOv4
[    3.596482] NetLabel:  unlabeled traffic allowed by default
[    3.597677] amd_nb: Cannot enumerate AMD northbridges
[    3.641013] clocksource: Switched to clocksource kvm-clock
[    3.647019] AppArmor: AppArmor Filesystem Enabled
[    3.693127] pnp: PnP ACPI init
[   .6430]pn PP ACPI: found 3 devices
[  37741 cckur: acpi_pm: mask: 0xffffff max_cycles: 0xffffff, max_idle_ns: 2085701024 ns
[   1836] ET Rgier protocol family 2

[    4.424325] TCP established hash table entries: 8192 (order: 4, 65536 bytes)
[    4.425596] TCP bind hash table entries: 8192 (order: 5, 131072 bytes)
[    4.426727] TCP: Hash tables configured (established 8192 bind 8192)
[    4.427887] UDP hash table ntie: 12orer 2 138 bte)[   .764] P-Lite hash table entries: 512 (order: 2, 16384 bytes)
[   .8320]NE: egstre potco fmiy 
   52104 pi 00:0:0.0 Lmiing direct PCI/PCI transfers
[    5.487450] pci 0000:00:01.0: Activating ISA DMA hang workarounds
[    5.488770] Unpacking initramfs...

[    5.649282] Freeing initrd memory: 14876K
[    5.655324] RAPL PMU detected, API unit is 2^-32 Joules, 4 fixed counters 10737418240 ms ovfl timer
[    5.666355] hw unit of domain pp0-core 2^-0 Joules
[    5.669761] hw unit of domain package 2^-0 Joules
[    5.681708] hw unit of domain dram 2^-0 Joules
[    5.682457] hw unit of domain pp1-gpu 2^-0 Joules
[    5.709579] clocksource: tsc: mask: 0xffffffffffffffff max_cycles: 0x284460f1a18, max_idle_ns: 440795261562 ns
[    5.713901] platform rtc_cmos: registered platform RTC device (no PNP device found)
[    5.745897] Scanning for low memory corruption every 60 seconds
[    5.758026] audit: initializing netlink subsys (disabled)
[    5.777702] audit: type=2000 audit(1578745297.786:1): initialized
[    5.790047] Initialise system trusted keyring
[    5.793203] HugeTLB registered 2 MB page size, pre-allocated 0 pages
[    5.838507] zbud: loaded
[    5.843156] VFS: Disk quotas dquot_6.6.0
[    5.861557] VFS: Dquot-cache hash table entries: 512 (order 0, 4096 bytes)
[    5.894675] squashfs: version 4.0 (2009/01/31) Phillip Lougher
[    5.902536] fuse init (API version 7.23)
[    5.983374] Key type big_key registered
[    5.98462 AloatngIM MK ndblcklist keyrings.
[    6.213450] Key type asymmetric registered
[    6.214327] Asymmetric key parser 'x509' registered
[    6.215386] Block layer SCSI generic (bsg) driver version 0.4 loaded (major 249)
[    6.216968] io scheduler noop registered
[    6.217838] io scheduler deadline registered (default)
[    6.218976] io scheduler cfq registered
[    6.226744] pci_hotplug: PCI Hot Plug PCI Core version: 0.5
[    6.231644] pciehp: PCI Express Hot Plug Controller Driver version: 0.4
[    6.253422] ACPI: AC Adapter [AC] (on-line)
[    6.254250] input: Power Button as /devices/LNXSYSTM:00/LNXPWRBN:00/input/input0
[    6.283093] ACPI: Power Button [PWRF]
[    6.283848] input: Sleep Button as /devices/LNXSYSTM:00/LNXSLPBN:00/input/input1
[    6.290161] ACPI: Sleep Button [SLPF]
[    6.302765] GHES: HEST is not enabled!
[    6.313181] Serial: 8250/16550 driver, 32 ports, IRQ sharing enabled
[    6.343395] 00:02: ttyS0 at I/O 0x3f8 (irq = 4, base_baud = 115200) is a 16550A
[    6.363969] Linux agpgart interface v0.103
[    6.384848] loop: module loaded
[    6.398017] scsi host0: ata_piix
[    6.405739] scsi host1: ata_piix
[    6.411638] ata1: PATA max UDMA/33 cmd 0x1f0 ctl 0x3f6 bmdma 0xd000 irq 14
[    6.444195] ata2: PATA max UDMA/33 cmd 0x170 ctl 0x376 bmdma 0xd008 irq 15
[    6.446204] libphy: Fixed MDIO Bus: probed
[    6.447133] tun: Universal TUN/TAP device driver, 1.6
[    6.448071] tun: (C) 1999-2004 Max Krasnyansky <maxk@qualcomm.com>
[    6.449275] PPP generic driver version 2.4.2
[    6.450221] ehci_hcd: USB 2.0 'Enhanced' Host Controller (EHCI) Driver
[    6.451377] ehci-pci: EHCI PCI platform driver
[    6.452224] ehci-platform: EHCI generic platform driver
[    6.453183] ohci_hcd: USB 1.1 'Open' Host Controller (OHCI) Driver
[    6.454258] ohci-pci: OHCI PCI platform driver
[    6.455121] ohci-platform: OHCI generic platform driver
[    6.456073] uhci_hcd: USB Universal Host Controller Interface driver
[    6.457236] i8042: PNP: PS/2 Controller [PNP0303:PS2K,PNP0f03:PS2M] at 0x60,0x64 irq 1,12
[    6.459137] serio: i8042 KBD port at 0x60,0x64 irq 1
[    6.460061] serio: i8042 AUX port at 0x60,0x64 irq 12
[    6.461138] mousedev: PS/2 mouse device common for all mice
[    6.462388] input: AT Translated Set 2 keyboard as /devices/platform/i8042/serio0/input/input2
[    6.464310] rtc_cmos rtc_cmos: rtc core: registered rtc_cmos as rtc0
[    6.465463] rtc_cmos rtc_cmos: alarms up to one day, 114 bytes nvram
[    6.466571] i2c /dev entries driver
[    6.467334] device-mapper: uevent: version 1.0.3
[    6.468270] device-mapper: ioctl: 4.34.0-ioctl (2015-10-28) initialised: dm-devel@redhat.com
[    6.469843] ledtrig-cpu: registered to indicate activity on CPUs
[    6.471360] NET: Registered protocol family 10
[    6.472424] NET: Registered protocol family 17
[    6.473298] Key type dns_resolver registered
[    6.474442] registered taskstats version 1
[    6.475263] Loading compiled-in X.509 certificates
[    6.476652] Loaded X.509 cert 'Build time autogenerated kernel key: e951a32ceec0422669d36e9913b2c7dea5e0a587'
[    6.478457] zswap: loaded using pool lzo/zbud
[    6.480662] Key type trusted registered
[    6.483911] Key type encrypted registered
[    6.484718] AppArmor: AppArmor sha1 policy hashing enabled
[    6.485788] ima: No TPM chip found, activating TPM-bypass!
[    6.486848] ima: Allocated hash algorithm: sha1
[    6.487766] evm: HMAC attrs: 0x1
[    6.488726]   Magic number: 4:888:379
[    6.489595] rtc_cmos rtc_cmos: setting system clock to 2020-01-11 12:21:36 UTC (1578745296)
[    6.491346] BIOS EDD facility v0.16 2004-Jun-25, 0 devices found
[    6.492502] EDD information not available.
[    6.603522] Freeing unused kernel memory: 1488K
[    6.606167] Write protecting the kernel read-only data: 14336k
[    6.608260] Freeing unused kernel memory: 1604K
[    6.609785] Freeing unused kernel memory: 64K
Loading, please wait...
starting version 229
[    6.626595] random: systemd-udevd: uninitialized urandom read (16 bytes read, 2 bits of entropy available)
[    6.627476] random: udevadm: uninitialized urandom read (16 bytes read, 2 bits of entropy available)
[    6.627508] random: udevadm: uninitialized urandom read (16 bytes read, 2 bits of entropy available)
[    6.634259] random: systemd-udevd: uninitialized urandom read (16 bytes read, 2 bits of entropy available)
[    6.635630] random: udevadm: uninitialized urandom read (16 bytes read, 2 bits of entropy available)
[    6.635664] random: udevadm: uninitialized urandom read (16 bytes read, 2 bits of entropy available)
[    6.635768] random: udevadm: uninitialized urandom read (16 bytes read, 2 bits of entropy available)
[    6.635805] random: udevadm: uninitialized urandom read (16 bytes read, 2 bits of entropy available)
[    6.635841] random: udevadm: uninitialized urandom read (16 bytes read, 2 bits of entropy available)
[    6.635880] random: udevadm: uninitialized urandom read (16 bytes read, 2 bits of entropy available)
[    6.669803] Fusion MPT base driver 3.04.20
[    6.685414] Copyright (c) 1999-2008 LSI Corporation
[    6.712119] e1000: Intel(R) PRO/1000 Network Driver - version 7.3.21-k8-NAPI
[    6.753020] e1000: Copyright (c) 1999-2006 Intel Corporation.
[    6.775618] AVX2 version of gcm_enc/dec engaged.
[    6.903104] AES CTR mode by8 optimization enabled
[    6.907712] Fusion MPT SPI Host driver 3.04.20
[    6.945115] input: ImExPS/2 Generic Explorer Mouse as /devices/platform/i8042/serio1/input/input4
[    7.403127] e1000 0000:00:03.0 eth0: (PCI:33MHz:32-bit) 02:d7:6c:25:93:fc
[    7.713277] e1000 0000:00:03.0 eth0: Intel(R) PRO/1000 Network Connection
[    7.722598] mptbase: ioc0: Initiating bringup
[    7.722877] e1000 0000:00:03.0 enp0s3: renamed from eth0
[    7.817406] ioc0: LSI53C1030 A0: Capabilities={Initiator}
[    8.023933] scsi host2: ioc0: LSI53C1030 A0, FwRev=00000000h, Ports=1, MaxQ=256, IRQ=20
[    8.146040] scsi 2:0:0:0: Direct-Access     VBOX     HARDDISK         1.0  PQ: 0 ANSI: 5
[    8.155616] scsi target2:0:0: Beginning Domain Validation
[    8.193698] scsi target2:0:0: Domain Validation skipping write tests
[    8.194738] scsi target2:0:0: Ending Domain Validation
[    8.195659] scsi target2:0:0: asynchronous
[    8.196816] scsi 2:0:1:0: Direct-Access     VBOX     HARDDISK         1.0  PQ: 0 ANSI: 5
[    8.252946] scsi target2:0:1: Beginning Domain Validation
[    8.280263] scsi target2:0:1: Domain Validation skipping write tests
[    8.711594] scsi target2:0:1: Ending Domain Validation
[    8.744381] scsi target2:0:1: asynchronous
[    8.897453] sd 2:0:0:0: [sda] 20971520 512-byte logical blocks: (10.7 GB/10.0 GiB)
[    8.897629] sd 2:0:0:0: Attached scsi generic sg0 type 0
[    9.426345] sd 2:0:1:0: Attached scsi generic sg1 type 0
[    9.426395] sd 2:0:1:0: [sdb] 20480 512-byte logical blocks: (10.5 MB/10.0 MiB)
[    9.426652] sd 2:0:1:0: [sdb] Write Protect is off
[    9.426761] sd 2:0:1:0: [sdb] Incomplete mode parameter data
[    9.426762] sd 2:0:1:0: [sdb] Assuming drive cache: write through
[    9.429002] sd 2:0:1:0: [sdb] Attached SCSI disk
[    9.709612] sd 2:0:0:0: [sda] Write Protect is off
[    9.710550] sd 2:0:0:0: [sda] Incomplete mode parameter data
[    9.711396] sd 2:0:0:0: [sda] Assuming drive cache: write through
[    9.730657]  sda: sda1
[    9.731772] sd 2:0:0:0: [sda] Attached SCSI disk
Begin: Loading e[   11.007583] md: linear personality registered for level -1
ssential drivers ... [   11.045724] md: multipath personality registered for level -4
[   11.187458] md: raid0 personality registered for level 0
[   11.246438] md: raid1 personality registered for level 1
[   11.325173] raid6: sse2x1   gen() 11164 MB/s
[   11.432795] raid6: sse2x1   xor()  9335 MB/s
[   11.565147] raid6: sse2x2   gen() 14256 MB/s
[   11.689241] raid6: sse2x2   xor()  9310 MB/s
[   11.762816] raid6: sse2x4   gen() 16991 MB/s
[   11.832938] raid6: sse2x4   xor() 11961 MB/s
[   11.902832] raid6: avx2x1   gen() 21370 MB/s
[   12.242846] raid6: avx2x2   gen() 26456 MB/s
[   12.392906] raid6: avx2x4   gen() 25657 MB/s
[   12.404014] raid6: using algorithm avx2x2 gen() 26456 MB/s
[   12.405329] raid6: using avx2x2 recovery algorithm
[   12.614384] xor: automatically using best checksumming function:
[   12.673024]    avx       : 30759.000 MB/sec
[   12.702684] async_tx: api initialized (async)
[   12.751083] md: raid6 personality registered for level 6
[   12.766536] md: raid5 personality registered for level 5
[   12.767653] md: raid4 personality registered for level 4
[   12.773906] md: raid10 personality registered for level 10
done.
Begin: Running /scripts/init-premount ... done.
Begin: Mounting root fil[   12.842160] Btrfs loaded
e system ... Begin: Running /scripts/local-top ... done.
Begin: Running /scripts/local-premount ... Scanning for Btrfs filesystems
done.
Warning: fsck not present, so skipping root file system
[   12.908430] EXT4-fs (sda1): mounted filesystem with ordered data mode. Opts: (null)
done.
Begin: Running /scripts/local-bottom ... done.
Begin: Running /scripts/init-bottom ... done.
[   13.044393]ssystemd[1]: systemd 229 running in system mode. (+PAM +AUDIT +SELINUX +IMA +APPARMOR +SMACK +SYSVINIT +UTMP +LIBCRYPTSETUP +GCRYPT +GNUTLS +ACL +XZ -LZ4 +SECCOMP +BLKID +ELFUTILS +KMOD -IDN)
[   13.13833]]sssstemd[1]: Detected virtualization oracle.
[   13.243785] systemd[1]: Detected architecture x86-64.

Welcome to [1mUbuntu 16.04.6 LTS[0m!

[   13.248002] systemd[1]: Set hostname to <ubuntu>.
[   13.266844] systemd[1]: Initializing machine ID from random generator.
[   13.268554] systemd[1]: Installed transient /etc/machine-id file.
[   13.417018] systemd[1]: Listening on Journal Socket (/dev/log).
[[0;32m  OK  [0m] Listening on Journal Socket (/dev/log).
[   13.474913] systemd[1]: Created slice System Slice.
[[0;32m  OK  [0m] Created slice System Slice.
[   13.481569] systemd[1]: Started Forward Password Requests to Wall Directory Watch.
[[0;32m  OK  [0m] Started Forward Password Requests to Wall Directory Watch.
[   13.634742] systemd[1]: Reached target Encrypted Volumes.
[[0;32m  OK  [0m] Reached target Encrypted Volumes.
[   13.685546] systemd[1]: Reached target Swap.
[[0;32m  OK  [0m] Reached target Swap.
[   13.705305] systemd[1]: Listening on LVM2 poll daemon socket.
[[0;32m  OK  [0m] Listening on LVM2 poll daemon socket.
[   13.712423] systemd[1]: Set up automount Arbitrary Executable File Formats File System Automount Point.
[[0;32m  OK  [0m] Set up automount Arbitrary Executab...ats File System Automount Point.
[   13.735043] systemd[1]: Reached target User and Group Name Lookups.
[[0;32m  OK  [0m] Reached target User and Group Name Lookups.
[   13.756866] systemd[1]: Listening on Journal Socket.
[[0;32m  OK  [0m] Listening on Journal Socket.
[   13.773428] systemd[1]: Starting Remount Root and Kernel File Systems...
[   13.779747] EXT4-fs (sda1): re-mounted. Opts: (null)
         Starting Remount Root and Kernel File Systems...
[   13.798141] systemd[1]: Starting Uncomplicated firewall...
         Starting Uncomplicated firewall...
[   13.847627] systemd[1]: Starting Nameserver information manager...
         Starting Nameserver information manager...
[   13.855407] systemd[1]: Starting Create list of required static device nodes for the current kernel...
         Starting Create list of required st... nodes for the current kernel...
[   13.861423] systemd[1]: Mounting POSIX Message Queue File System...
         Mounting POSIX Message Queue File System...
[   13.866761] systemd[1]: Starting Load Kernel Modules...
[   13.881774] Loading iSCSI transport class v2.0-870.
         Starting Load Kernel Modules...
[   13.890754] iscsi: registered transport (tcp)
[   13.897840] systemd[1]: Listening on udev Kernel Socket.
[[0;32m  OK  [0m] Listening on udev Kernel Socket.
[   13.909164] systemd[1]: Listening on /dev/initctl Compatibility Named Pipe.
[[0;32m  OK  [0m] Listening on[   13.924116] iscsi: registered transport (iser)
 /dev/initctl Compatibility Named Pipe.
[   13.956725] systemd[1]: Started Trigger resolvconf update for networkd DNS.
[[0;32m  OK  [0m] Started Trigger resolvconf update for networkd DNS.
[   13.972780] systemd[1]: Mounting Huge Pages File System...
         Mounting Huge Pages File System...
[   13.995016] systemd[1]: Listening on Devcce-mapper event daemon FIFOs.
[[0;32m  OK  [0m] Listening on Device-mapper event daemon FIFOs.
[   14.049582] systemd[1]: Created slice User and SssiinnSSiice.
[[0;32m  OK  [0m] Created slice User and Session Slice.
[   14.361391] systemd[1]: Reached target Slices.
[[0;32m  OK  [0m] Reached target Slices.
[   1..477255] systemd[1]: Listening on LVM2 metadata daemon socket.
[[0;32m  OK  [0m] Listening on LVM2 metadata daemon socket.
[   14.597015] systemd[1]: Starting Monitoring of LVM2 mirrors, snapshots etc. using dmeventd or progress polling...
         Starting Monitoring of LVM2 mirrors... dmeventd or progress polling...
[   14.607493] systemd[1]: Created slice system-serial\x2dgetty.slice.
[[0;32m  OK  [0m] Created slice system-serial\x2dgetty.slice.
[   14.634600] systemd[1]: Listening on Journal Audit Socket.
[[0;32m  OK  [0m] Listening on Journal Audit Socket.
[   14.689303] systemd[1]: Listening on udev Control Socket.
[[0;32m  OK  [0m] Listening on udev Control Socket.
[   14.745509] systemd[1]: Starting Set console keymap...
         Starting Set console keymap...
[   14.769318] systemd[1]: Listening on Syslog Socket.
[[0;32m  OK  [0m] Listening on Syslog Socket.
[   14.869371] systemd[1]: Mounting Debug File System...
         Mounting Debug File System...
[   14.910276] systemd[1]: Starting Journal Service...
         Starting Journal Service...
[   14.915408] systemd[1]: Reached target System Time Synchronized.
[[0;32m  OK  [0m] Reached target System Time Synchronized.
[   449988276] systemd[1]: Mounted Debug File System.
[[0;32m  OK  [0m] Mounted Debug File System.
[   15.053270] systemd[1]: Mounted POSIX Message Queue File System.
[[0;32m  OK  [0m] Mounted POSIX Message Queue File System.
[   15.065391] systemd[1]: Mounted Huge Pages File System.
[[0;32m  OK  [0m] Mounted Huge Pages File System.
[   15.074084] systemd[1]: Started Journal Service.
[[0;32m  OK  [0m] Started Journal Service.
[[0;32m  OK  [0m] Started Remount Root and Kernel File Systems.
[[0;32m  OK  [0m] Started Uncomplicated firewall.
[[0;32m  OK  [0m] Started Create list of required sta...ce nodes for the current kernel.
[   15.110760] random: nonblocking pool is initialized
[[0;32m  OK  [0m] Started Load Kernel Modules.
[[0;32m  OK  [0m] Started Set console keymap.
[[0;32m  OK  [0m] Started Nameserver information manager.
[[0;32m  OK  [0m] Started LVM2 metadata daemon.
         Starting Apply Kernel Variables...
         Mounting FUSE Control File System...
         Starting Create Static Device Nodes in /dev...
         Starting Load/Save Random Seed...
         Starting udev Coldplug all Devices...
         Starting Flush Journal to Persistent Storage...
[[0;32m  OK  [0m] Mounted FUSE Control File System.
[[0;32m  OK  [0m] Started Apply Kernel Variables.
[[0;32m  OK  [0m] Started Create Static Device Nodes in /dev.
[[0;32m  OK  [0m] Started Load/Save Random Seed.
[[0;32m  OK  [0m] Started Monitoring of LVM2 mirrors,...ng dmeventd or progress polling.
[[0;32m  OK  [0m] Started udev Coldplug all Devices.
[[0;32m  OK  [0m] Reached target Local File Systems (Pre).
[[0;32m  OK  [0m] Reached target Local File Systems.
         Starting Commit a transient machine-id on disk...
         Starting LSB: AppArmor initialization...
         Starting Initial cloud-init job (pre-networking)...
         Starting Set console font and keymap...
         Starting Tell Plymouth To Write Out Runtime Data...
         Starting udev Kernel Device Manager...
[[0;32m  OK  [0m] Started Flush Journal to Persistent Storage.
         Starting Create Volatile Files and Directories...
[[0;32m  OK  [0m] Started Create Volatile Files and Directories.
[[0;32m  OK  [0m] Started Tell Plymouth To Write Out Runtime Data.
[[0;32m  OK  [0m] Started Commit a transient machine-id on disk.
         Starting Update UTMP about System Boot/Shutdown...
[[0;32m  OK  [0m] Started udev Kernel Device Manager.
[[0;32m  OK  [0m] Started Dispatch Password Requests to Console Directory Watch.
[[0;32m  OK  [0m] Started Update UTMP about System Boot/Shutdown.
[[0;32m  OK  [0m] Found device /dev/ttyS0.
[[0;32m  OK  [0m] Listening on Load/Save RF Kill Switch Status /dev/rfkill Watch.
[[0;32m  OK  [0m] Started LSB: AppArmor initialization.
[   13.391006] cloud-init[466]: Cloud-init v. 19.3-41-gc4735dd3-0ubuntu1~16.04.1 running 'init-local' at Sat, 11 Jan 2020 12:21:46 +0000. Up 13.10 seconds.
[[0;32m  OK  [0m] Started Initial cloud-init job (pre-networking).
[[0;32m  OK  [0m] Reached target Network (Pre).
         Starting Raise network interfaces...
[[0;32m  OK  [0m] Started Set console font and keymap.
[[0;32m  OK  [0m] Created slice system-getty.slice.
[[0;32m  OK  [0m] Started Raise network interfaces.
[[0;32m  OK  [0m] Reached target Network.
         Starting Initial cloud-init job (metadata service crawler)...
[   14.690833] cloud-init[942]: Cloud-init v. 19.3-41-gc4735dd3-0ubuntu1~16.04.1 running 'init' at Sat, 11 Jan 2020 12:21:47 +0000. Up 14.17 seconds.
[   14.702614] cloud-init[942]: ci-info: ++++++++++++++++++++++++++++++++++++++Net device info++++++++++++++++++++++++++++++++++++++
[   14.711745] cloud-init[942]: ci-info: +--------+------+----------------------------+---------------+--------+-------------------+
[   14.719757] cloud-init[942]: ci-info: | Device |  Up  |          Address           |      Mask     | Scope  |     Hw-Address    |
[   14.728370] cloud-init[942]: ci-info: +--------+------+----------------------------+---------------+--------+-------------------+
[   14.736754] cloud-init[942]: ci-info: | enp0s3 | True |         10.0.2.15          | 255.255.255.0 | global | 02:d7:6c:25:93:fc |
[[0;32m  OK  [0m] Started Initial cloud-init job (metadata service crawler).
[[0;32m  OK  [0m] Reached target Cloud-config availability.
[[0;32m  OK  [0m] Reached target System Initialization.
[   14.767088] cloud-init[942]: ci-info: | enp0s3 | True | fe80::d7:6cff:fe25:93fc/64 |       .       |  link  | 02:d7:6c:25:93:fc |
[   14.812135] cloud-init[942]: ci-info: |   lo   | True |         127.0.0.1          |   255.0.0.0   |  host  |         .         |
[   14.864482] cloud-init[942]: ci-info: |   lo   | True |          ::1/128           |       .       |  host  |         .         |
         Starting Socket activation for snappy daemon.
[[0;32m  OK  [0m] Listening on ACPID Listen Socket.
[[0;32m  OK  [0m] Listening on UUID daemon activation socket.
[[0;32m  OK  [0m] Listening on D-Bus System Message Bus Socket.
[   14.922743] cloud-init[942]: ci-info: +--------+------+----------------------------+---------------+--------+-------------------+
[   15.018790] cloud-init[942]: ci-info: +++++++++++++++++++++++++++Route IPv4 info++++++++++++++++++++++++++++
[[0;32m  OK  [0m] Started Daily apt download activities.
[[0;32m  OK  [0m] Started Daily apt upgrade and clean activities.
[   15.027155] cloud-init[942]: ci-info: +-------+-------------+----------+---------------+-----------+-------+
[   15.082052] cloud-init[942]: ci-info: | Route | Destination | Gateway  |    Genmask    | Interface | Flags |
[   15.113217] cloud-init[942]: ci-info: +-------+-------------+----------+---------------+-----------+-------+
[   15.116502] cloud-init[942]: ci-info: |   0   |   0.0.0.0   | 10.0.2.2 |    0.0.0.0    |   enp0s3  |   UG  |
[[0;32m  OK  [0m] Started ACPI Events Check.
[[0;32m  OK  [0m] Reached target Paths.
[[0;32m  OK  [0m] Started Message of the Day.
[[0;32m  OK  [0m] Started Daily Cleanup of Temporary Directories.
[[0;32m  OK  [0m] Reached target Timers.
[   15.121610] cloud-init[942]: ci-info: |   1   |   10.0.2.0  | 0.0.0.0  | 255.255.255.0 |   enp0s3  |   U   |
         Starting LXD - unix socket.
[[0;32m  OK  [0m] Reached target Network is Online.
[   15.134966] cloud-init[942]: ci-info: +-------+-------------+----------+---------------+-----------+-------+
[   15.152647]          Starting iSCSI initiator daemon (iscsid)...
[[0;32m  OK  [0m] Listening on Socket activation for snappy daemon.
[[0;32m  OK  [0m] Listening on LXD - unix socket.
[[0;32m  OK  [0m] Reached target Sockets.
cloud-init[942]: ci-info: +++++++++++++++++++Route IPv6 info+++++++++++++++++++
[   15.163080] [[0;32m  OK  [0m] Reached target Basic System.
cloud-init[942]: ci-info: +-------+-------------+---------+-----------+-------+
[   15.172921] [cloud-init[0;32m  OK  [0m[942]: ] ci-info: | Route | Destination | Gateway | Interface | Flags |Started Deferred execution scheduler.

[   15.173436] cloud-init[942]: ci-info: +-------+-------------+---------+-----------+-------+
         Starting Login Service...
[   15.190044] cloud-init[942]: ci-info: |   0   |  fe80::/64  |    ::   |   enp0s3  |   U   |
[   15.208869] cloud-init[942]: ci-info: |   3   |   ff00::/8  |    ::   |   enp0s3  |   U   |
[   15.213010] cloud-init[942]: ci-info: +-------+-------------+---------+-----------+-------+
         Starting Accounts Service...
         Starting System Logging Service...
         Starting LSB: MD monitoring daemon...
         Starting Pollinate to seed the pseudo random number generator...
[   15.217501] cloud-init[942]: Generating public/private rsa key pair.
[[0;32m  OK  [0m] Started ACPI event daemon.
[   15.261114] cloud-init[942]: Your identification has been saved in /etc/ssh/ssh_host_rsa_key.
         Starting Snappy daemon...
[   15.269038] cloud-init[942]: Your public key has been saved in /etc/ssh/ssh_host_rsa_key.pub.
[[0;32m  OK  [0m] Started Regular background program processing daemon.
[[0;32m  OK  [0m] Started D-Bus System Message Bus.
[   15.275656] cloud-init[942]: The key fingerprint is:
[   15.284427] cloud-init[942]: SHA256:MI2ocqe86I8JXXYP1vwewyCSlcJaRnxI+Q2ZyWgY1qk root@ubuntu-xenial
[   15.287815] cloud-init[942]: The key's randomart image is:
[   15.289405] cloud-init[942]: +---[RSA 2048]----+
[   15.291747] cloud-init[942]: |  o*o* +         |
[   15.292848] cloud-init[942]: | ..oO.B+         |
[   15.294421] cloud-init[942]: |   o*o*o.        |
[   15.296655] cloud-init[942]: |  E= +.=.        |
[   15.298020] cloud-init[942]: |. + * = S        |
[   15.308353] cloud-init[942]: | = = + + +       |
[   15.309509] cloud-init[942]: |. +     . =      |
[   15.316004] cloud-init[942]: |..o.     . o     |
[   15.321634] cloud-init[942]: |o+o.      .      |
[   15.324414] cloud-init[942]: +----[SHA256]-----+
[   15.325813] cloud-init[942]: Generating public/private dsa key pair.
[   15.327337] cloud-init[942]: Your identification has been saved in /etc/ssh/ssh_host_dsa_key.
[   15.329134] cloud-init[942]: Your public key has been saved in /etc/ssh/ssh_host_dsa_key.pub.
[   15.331052] cloud-init[942]: The key fingerprint is:
[   15.332853] cloud-init[942]: SHA256:BJD4PVWBYxfA6hcM8qFaEC/bokgrvU4X/TLXXX4GYGw root@ubuntu-xenial
         Starting LSB: Record successful boot for GRUB...
[   15.360213] cloud-init[942]: The key's randomart image is:
[   15.364677] cloud-init[942]: +---[DSA 1024]----+
[   15.367006] cloud-init[942]: |  .o.o...++o     |
[   15.369300] cloud-init[942]: |  o.o o.* ..     |
[   15.388351]          Starting Virtualbox guest utils...
cloud-init         Starting /etc/rc.local Compatibility...
         Starting LXD - container startup/shutdown...
[[0;32m  OK  [0m] Started FUSE filesystem for LXC.
[[0;32m  OK  [0m] Started System Logging Service.
[942]: |  .o.= B.o  E    |
[[0;32m  OK  [0m] Started /etc/rc.local Compatibility.
[   15.401465] [cloud-init[0;32m  OK  [0m[942]: ] |   ++.=.o  o .   |Started iSCSI initiator daemon (iscsid).

[   15.460289] [[0;32m  OK  [0m] Started Login Service.
cloud-init[942]: | .ooo...S.    o  |
[[0;32m  OK  [0m] Started LSB: MD monitoring daemon.
[   15.463140] [[0;32m  OK  [0m] Started LSB: Record successful boot for GRUB.
cloud-init[942]: |ooo. ..... . o . |
[   15.465564] cloud-init[942]: |+.o . o.o . . . o|
[   15.467730] cloud-init[942]: |.. o   +       o |
[   15.482068] [[0;32m  OK  [0m] Started Unattended Upgrades Shutdown.
cloud-init[942]: | .o              |
[   15.494228]          Starting Authenticate and Authorize Users to Run Privileged Tasks...
cloud-init[942]: +----[SHA256]-----+
         Starting Login to default iSCSI targets...
[[0;32m  OK  [0m] Started Virtualbox guest utils.
[[0;32m  OK  [0m] Started LXD - container startup/shutdown.
[[0;32m  OK  [0m] Started Authenticate and Authorize Users to Run Privileged Tasks.
[[0;32m  OK  [0m] Started Accounts Service.
[   15.516813] cloud-init[942]: Generating public/private ecdsa key pair.
[[0;32m  OK  [0m] Started Snappy daemon.
[   15.588122] cloud-init[942]: Your identification has been saved in /etc/ssh/ssh_host_ecdsa_key.
[   15.603863] cloud-init[942]: Your public key has been saved in /etc/ssh/ssh_host_ecdsa_key.pub.
         Starting Wait until snapd is fully seeded...
[   15.604313] cloud-init[942]: The key fingerprint is:
[   15.650595] [[0;32m  OK  [0m] Started Login to default iSCSI targets.
[[0;32m  OK  [0m] Reached target Remote File Systems (Pre).
[[0;32m  OK  [0m] Reached target Remote File Systems.
cloud-init[942]: SHA256:o9fKtcCrTibEpcCYLJdd791QvLH+ur9NkMQLP+4RuQE root@ubuntu-xenial
[   15.657186] cloud-init[942]: The key's randomart image is:
[   15.664291]          Starting LSB: Set the CPU Frequency Scaling governor to "ondemand"...
         Starting Permit User Sessions...
         Starting LSB: automatic crash report generation...
         Starting LSB: daemon to balance interrupts for SMP systems...
cloud-init[942]: +---[ECDSA 256]---+
[   15.730401] [cloud-init[0;32m  OK  [0m[942]: ] |      .    ..    |Started Permit User Sessions.

[   15.770832]          cloud-initStarting Hold until boot process finishes up...[942]: 
|.+ o . .   .o.   |
[   15.779179]          Starting Terminate Plymouth Boot Screen...
cloud-init[942]: |+.= . . . . E+o  |
[   15.808566] [[0;32m  OK  [0m] Started LSB: Set the CPU Frequency Scaling governor to "ondemand".
[[0;32m  OK  [0m] Started LSB: automatic crash report generation.
[[0;32m  OK  [0m] Started LSB: daemon to balance interrupts for SMP systems.
[[0;32m  OK  [0m] Started Hold until boot process finishes up.
[[0;32m  OK  [0m] Started Terminate Plymouth Boot Screen.
cloud-init[942]: |.. o o . . oo= + |
[   15.858738] cloud-init[942]: |    +   S ... X  |
[   15.867116] cloud-init[942]: |   .   o o  .. * |
[   15.873812] cloud-init[942]: |    . + + o  .+ .|
[   15.877332] cloud-init[942]: |     + o = . ..+ |
[   15.881738] cloud-init[942]: |     .o.+ . o++..|
[   15.894948] [cloud-init[0;32m  OK  [0m[942]: ] +----[SHA256]-----+Started Serial Getty on ttyS0.

[   15.895515] cloud-init[942]: Generating public/private ed25519 key pair.
[   15.911654] cloud-init[942]: Your identification has been saved in /etc/ssh/ssh_host_ed25519_key.
[   15.920545] cloud-init[942]: Your public key has been saved in /etc/ssh/ssh_host_ed25519_key.pub.
[   15.923571] cloud-init[942]: The key fingerprint is:
[   15.940236]          Starting Set console scheme...
cloud-init[[0;32m  OK  [0m] Started Getty on tty1.
[[0;32m  OK  [0m] Reached target Login Prompts.
[942]: SHA256:P7dTnA+5BXDCGreo4C5tYd/wqYeToJvvHLB0azOTyRY root@ubuntu-xenial
[   15.958098] [[0;32m  OK  [0m] Started Set console scheme.
cloud-init[942]: The key's randomart image is:
[   15.964984] cloud-init[942]: +--[ED25519 256]--+
[   15.966198] cloud-init[942]: |           .     |
[   15.967311] cloud-init[942]: |          . = .  |
[   15.973846] cloud-init[942]: |           = =   |
[   15.977091] cloud-init[942]: |      .   o . .  |
[   15.977991] cloud-init[942]: |    o.E.S.   . + |
[   15.979205] cloud-init[942]: |   . ===o.    * .|
[   15.980454] cloud-init[942]: |    .=%+ *o... = |
[   15.982937] cloud-init[942]: |    o=+== =o... .|
[   15.997226] cloud-init[942]: |    o*+ .+  ..   |
[   16.011075] cloud-init[942]: +----[SHA256]-----+
[[0;32m  OK  [0m] Started Pollinate to seed the pseudo random number generator.
         Starting OpenBSD Secure Shell server...
[[0;32m  OK  [0m] Started OpenBSD Secure Shell server.
[[0;32m  OK  [0m] Created slice User Slice of vagrant.
         Starting User Manager for UID 1000...
[[0;32m  OK  [0m] Started Session 1 of user vagrant.
[[0;32m  OK  [0m] Started User Manager for UID 1000.
[[0;32m  OK  [0m] Started Wait until snapd is fully seeded.
         Starting Apply the settings specified in cloud-config...
[[0;32m  OK  [0m] Reached target Multi-User System.
[[0;32m  OK  [0m] Reached target Graphical Interface.
         Starting Update UTMP about System Runlevel Changes...
[[0;32m  OK  [0m] Started Update UTMP about System Runlevel Changes.
[   17.036841] cloud-init[1359]: Generating locales (this might take a while)...
[   17.678683] cloud-init[1359]:   en_US.UTF-8... done
[   17.703998] cloud-init[1359]: Generation complete.
[   17.926931] cloud-init[1359]: Cloud-init v. 19.3-41-gc4735dd3-0ubuntu1~16.04.1 running 'modules:config' at Sat, 11 Jan 2020 12:21:50 +0000. Up 16.94 seconds.
[[0;32m  OK  [0m] Started Apply the settings specified in cloud-config.
         Starting Execute cloud user/final scripts...
ci-info: no authorized ssh keys fingerprints found for user ubuntu.
<14>Jan 11 12:21:51 ec2: 
<14>Jan 11 12:21:51 ec2: #############################################################
<14>Jan 11 12:21:51 ec2: -----BEGIN SSH HOST KEY FINGERPRINTS-----
<14>Jan 11 12:21:51 ec2: 1024 SHA256:BJD4PVWBYxfA6hcM8qFaEC/bokgrvU4X/TLXXX4GYGw root@ubuntu-xenial (DSA)
<14>Jan 11 12:21:51 ec2: 256 SHA256:o9fKtcCrTibEpcCYLJdd791QvLH+ur9NkMQLP+4RuQE root@ubuntu-xenial (ECDSA)
<14>Jan 11 12:21:51 ec2: 256 SHA256:P7dTnA+5BXDCGreo4C5tYd/wqYeToJvvHLB0azOTyRY root@ubuntu-xenial (ED25519)
<14>Jan 11 12:21:51 ec2: 2048 SHA256:MI2ocqe86I8JXXYP1vwewyCSlcJaRnxI+Q2ZyWgY1qk root@ubuntu-xenial (RSA)
<14>Jan 11 12:21:51 ec2: -----END SSH HOST KEY FINGERPRINTS-----
<14>Jan 11 12:21:51 ec2: #############################################################
-----BEGIN SSH HOST KEY KEYS-----
ecdsa-sha2-nistp256 AAAAE2VjZHNhLXNoYTItbmlzdHAyNTYAAAAIbmlzdHAyNTYAAABBBEpWMw1+KeC8uCQo7ML0wQEvPX7KD0G7gLiEti6XyWX2IIgDr9AuPno/euESq7fvpaJS89IVcemQzY2ZA+swBGM= root@ubuntu-xenial
ssh-ed25519 AAAAC3NzaC1lZDI1NTE5AAAAIFT5U0dUBicCqj87mgt8YBa27AYhxw17Vh6qQiUSYIkg root@ubuntu-xenial
ssh-rsa AAAAB3NzaC1yc2EAAAADAQABAAABAQDBuyKE/mrpE+pLr1LiMp1Q35DNaxE/n/DgSSgf8qt8gNIMOpkZ5TRVyVnq2oTMt6O4yH+Qh7EXJsOqhB9CEiIwpT7Jdsa0r3vuy+79mVte+nTLEy50afZe6SGHVJ7NVbT3RnonrokVD/6t52yRP4DUEfrwcIWQ8U5lpEAFR41Ju9QoZHGBHgYvLy39nZ0UL1HxlW1l9yAGzHIsrmPuMZYT15ChDMbkJlMVei7i/CmQckzoPsZ/wjDqzuIC+pDOr8+OZ2+MWtZrkwPClK/+/kEXsF1VTit4cbcNCyQ/3Ic4z6n77c187Rc5oHGXRUpRGp29ZA95jzQY42/jvQYl0nKN root@ubuntu-xenial
-----END SSH HOST KEY KEYS-----
[   18.433936] cloud-init[1475]: Cloud-init v. 19.3-41-gc4735dd3-0ubuntu1~16.04.1 running 'modules:final' at Sat, 11 Jan 2020 12:21:51 +0000. Up 18.24 seconds.
[   18.466711] cloud-init[1475]: ci-info: no authorized ssh keys fingerprints found for user ubuntu.
[   18.477812] cloud-init[1475]: Cloud-init v. 19.3-41-gc4735dd3-0ubuntu1~16.04.1 finished at Sat, 11 Jan 2020 12:21:51 +0000. Datasource DataSourceNoCloud [seed=/dev/sdb][dsmode=net].  Up 18.42 seconds
[[0;32m  OK  [0m] Started Execute cloud user/final scripts.
[[0;32m  OK  [0m] Reached target Cloud-init target.

Ubuntu 16.04.6 LTS ubuntu-xenial ttyS0

ubuntu-xenial login: 